2025-04-03 11:46:29 - Started monitoring Xtream IPTV Pro
2025-04-03 11:46:30 - Xtream IPTV Pro process not found
2025-04-03 11:46:36 - Xtream IPTV Pro process not found
2025-04-03 11:46:42 - Xtream IPTV Pro process not found
2025-04-03 11:46:48 - Xtream IPTV Pro process not found
2025-04-03 11:46:53 - Xtream IPTV Pro process not found
2025-04-03 11:46:59 - Xtream IPTV Pro process not found
2025-04-03 11:47:05 - Xtream IPTV Pro process not found
2025-04-03 11:47:10 - Xtream IPTV Pro process not found
2025-04-03 11:47:16 - Xtream IPTV Pro process not found
2025-04-03 11:47:22 - Xtream IPTV Pro process not found
2025-04-03 11:47:28 - Xtream IPTV Pro process not found
2025-04-03 11:47:33 - Xtream IPTV Pro process not found
2025-04-03 11:48:23 - Started monitoring Xtream IPTV Player Pro
2025-04-03 11:48:24 - Xtream IPTV Player Pro process not found
2025-04-03 11:48:30 - Xtream IPTV Player Pro process not found
2025-04-03 11:48:35 - Xtream IPTV Player Pro process not found
2025-04-03 11:48:41 - Xtream IPTV Player Pro process not found
2025-04-03 11:48:47 - Xtream IPTV Player Pro process not found
2025-04-03 11:48:52 - Xtream IPTV Player Pro process not found
2025-04-03 11:49:07 - Started monitoring Python
2025-04-03 11:49:08 - PYTHON: RAM usage (RSS): 0.16% | 10.62 MB, Working Set: 0.16% | 10.62 MB, Private Usage: 2.75% | 187.75 MB (Limited to 50%)
2025-04-03 11:49:14 - PYTHON: RAM usage (RSS): 0.00% | 0.00 MB, Working Set: 0.00% | 0.00 MB, Private Usage: 3.94% | 269.23 MB (Limited to 50%)
2025-04-03 11:49:20 - PYTHON: RAM usage (RSS): 0.06% | 3.94 MB, Working Set: 0.06% | 3.94 MB, Private Usage: 2.77% | 189.60 MB (Limited to 50%)
2025-04-03 11:49:26 - PYTHON: RAM usage (RSS): 0.11% | 7.68 MB, Working Set: 0.11% | 7.68 MB, Private Usage: 0.18% | 12.51 MB (Limited to 50%)
2025-04-03 11:49:32 - PYTHON: RAM usage (RSS): 0.03% | 2.20 MB, Working Set: 0.03% | 2.20 MB, Private Usage: 2.73% | 186.38 MB (Limited to 50%)
2025-04-03 11:49:37 - PYTHON: RAM usage (RSS): 0.06% | 3.91 MB, Working Set: 0.06% | 3.91 MB, Private Usage: 2.73% | 186.89 MB (Limited to 50%)
2025-04-03 12:23:48 - Started monitoring chrome
2025-04-03 12:23:49 - CHROME: RAM usage (RSS): 0.00% | 0.00 MB, Working Set: 0.00% | 0.00 MB, Private Usage: 3.73% | 254.98 MB (Limited to 50%)
2025-04-03 12:23:55 - CHROME: RAM usage (RSS): 0.00% | 0.00 MB, Working Set: 0.00% | 0.00 MB, Private Usage: 4.44% | 303.73 MB (Limited to 50%)
2025-04-03 12:24:01 - CHROME: RAM usage (RSS): 0.00% | 0.00 MB, Working Set: 0.00% | 0.00 MB, Private Usage: 2.46% | 168.55 MB (Limited to 50%)
2025-04-03 12:24:07 - CHROME: RAM usage (RSS): 0.56% | 38.12 MB, Working Set: 0.56% | 38.12 MB, Private Usage: 4.66% | 318.87 MB (Limited to 50%)
2025-04-03 12:24:12 - CHROME: RAM usage (RSS): 0.00% | 0.00 MB, Working Set: 0.00% | 0.00 MB, Private Usage: 2.98% | 203.75 MB (Limited to 50%)
2025-04-03 12:24:18 - CHROME: RAM usage (RSS): 0.00% | 0.00 MB, Working Set: 0.00% | 0.00 MB, Private Usage: 1.81% | 124.12 MB (Limited to 50%)
2025-04-03 12:24:24 - CHROME: RAM usage (RSS): 0.00% | 0.00 MB, Working Set: 0.00% | 0.00 MB, Private Usage: 1.93% | 131.92 MB (Limited to 50%)
2025-04-03 12:24:30 - CHROME: RAM usage (RSS): 0.00% | 0.00 MB, Working Set: 0.00% | 0.00 MB, Private Usage: 2.48% | 169.50 MB (Limited to 50%)
2025-04-03 12:24:35 - CHROME: RAM usage (RSS): 0.00% | 0.00 MB, Working Set: 0.00% | 0.00 MB, Private Usage: 0.40% | 27.62 MB (Limited to 50%)
2025-04-03 12:24:41 - CHROME: RAM usage (RSS): 0.00% | 0.00 MB, Working Set: 0.00% | 0.00 MB, Private Usage: 2.11% | 144.25 MB (Limited to 50%)
2025-04-03 12:24:47 - CHROME: RAM usage (RSS): 0.00% | 0.00 MB, Working Set: 0.00% | 0.00 MB, Private Usage: 2.48% | 169.50 MB (Limited to 50%)
2025-04-03 12:24:53 - CHROME: RAM usage (RSS): 0.00% | 0.00 MB, Working Set: 0.00% | 0.00 MB, Private Usage: 0.28% | 18.94 MB (Limited to 50%)
2025-04-03 12:24:58 - CHROME: RAM usage (RSS): 0.00% | 0.00 MB, Working Set: 0.00% | 0.00 MB, Private Usage: 0.21% | 14.30 MB (Limited to 50%)
2025-04-03 12:25:04 - CHROME: RAM usage (RSS): 0.00% | 0.00 MB, Working Set: 0.00% | 0.00 MB, Private Usage: 0.17% | 11.85 MB (Limited to 50%)
2025-04-03 12:25:10 - CHROME: RAM usage (RSS): 0.18% | 12.45 MB, Working Set: 0.18% | 12.45 MB, Private Usage: 1.91% | 130.54 MB (Limited to 50%)
2025-04-03 12:25:16 - CHROME: RAM usage (RSS): 0.00% | 0.00 MB, Working Set: 0.00% | 0.00 MB, Private Usage: 2.10% | 143.81 MB (Limited to 50%)
2025-04-03 12:25:21 - CHROME: RAM usage (RSS): 0.00% | 0.00 MB, Working Set: 0.00% | 0.00 MB, Private Usage: 2.48% | 169.69 MB (Limited to 50%)
2025-04-03 12:25:27 - CHROME: RAM usage (RSS): 0.00% | 0.00 MB, Working Set: 0.00% | 0.00 MB, Private Usage: 0.37% | 25.52 MB (Limited to 50%)
2025-04-03 12:25:33 - CHROME: RAM usage (RSS): 0.00% | 0.00 MB, Working Set: 0.00% | 0.00 MB, Private Usage: 4.33% | 295.82 MB (Limited to 50%)
2025-04-03 12:25:38 - CHROME: RAM usage (RSS): 0.00% | 0.00 MB, Working Set: 0.00% | 0.00 MB, Private Usage: 3.48% | 237.89 MB (Limited to 50%)
2025-04-03 12:25:44 - CHROME: RAM usage (RSS): 0.27% | 18.25 MB, Working Set: 0.27% | 18.25 MB, Private Usage: 2.24% | 152.96 MB (Limited to 50%)
2025-04-03 12:25:50 - CHROME: RAM usage (RSS): 0.00% | 0.00 MB, Working Set: 0.00% | 0.00 MB, Private Usage: 2.03% | 138.89 MB (Limited to 50%)
2025-04-03 12:25:56 - CHROME: RAM usage (RSS): 0.00% | 0.00 MB, Working Set: 0.00% | 0.00 MB, Private Usage: 2.48% | 169.41 MB (Limited to 50%)
2025-04-03 12:26:01 - CHROME: RAM usage (RSS): 0.00% | 0.00 MB, Working Set: 0.00% | 0.00 MB, Private Usage: 0.13% | 9.18 MB (Limited to 50%)
2025-04-03 12:26:07 - CHROME: RAM usage (RSS): 0.00% | 0.00 MB, Working Set: 0.00% | 0.00 MB, Private Usage: 1.81% | 123.54 MB (Limited to 50%)
2025-04-03 12:26:13 - CHROME: RAM usage (RSS): 0.00% | 0.00 MB, Working Set: 0.00% | 0.00 MB, Private Usage: 0.38% | 26.01 MB (Limited to 50%)
2025-04-03 12:26:18 - CHROME: RAM usage (RSS): 0.51% | 34.60 MB, Working Set: 0.51% | 34.60 MB, Private Usage: 2.56% | 175.05 MB (Limited to 50%)
2025-04-03 12:26:24 - CHROME: RAM usage (RSS): 0.00% | 0.00 MB, Working Set: 0.00% | 0.00 MB, Private Usage: 2.03% | 138.91 MB (Limited to 50%)
2025-04-03 12:26:30 - CHROME: RAM usage (RSS): 0.00% | 0.00 MB, Working Set: 0.00% | 0.00 MB, Private Usage: 2.48% | 169.47 MB (Limited to 50%)
2025-04-03 12:26:36 - CHROME: RAM usage (RSS): 0.00% | 0.00 MB, Working Set: 0.00% | 0.00 MB, Private Usage: 1.81% | 123.62 MB (Limited to 50%)
2025-04-03 12:26:41 - CHROME: RAM usage (RSS): 0.00% | 0.00 MB, Working Set: 0.00% | 0.00 MB, Private Usage: 2.48% | 169.47 MB (Limited to 50%)
2025-04-03 12:26:47 - CHROME: RAM usage (RSS): 0.00% | 0.00 MB, Working Set: 0.00% | 0.00 MB, Private Usage: 4.33% | 295.91 MB (Limited to 50%)
2025-04-03 12:26:53 - CHROME: RAM usage (RSS): 0.24% | 16.14 MB, Working Set: 0.24% | 16.14 MB, Private Usage: 2.69% | 184.31 MB (Limited to 50%)
2025-04-03 12:26:58 - CHROME: RAM usage (RSS): 0.00% | 0.00 MB, Working Set: 0.00% | 0.00 MB, Private Usage: 2.10% | 143.79 MB (Limited to 50%)
2025-04-03 12:27:04 - CHROME: RAM usage (RSS): 0.00% | 0.00 MB, Working Set: 0.00% | 0.00 MB, Private Usage: 2.48% | 169.60 MB (Limited to 50%)
2025-04-03 12:27:10 - CHROME: RAM usage (RSS): 0.00% | 0.00 MB, Working Set: 0.00% | 0.00 MB, Private Usage: 1.81% | 123.53 MB (Limited to 50%)
2025-04-03 12:27:16 - CHROME: RAM usage (RSS): 0.00% | 0.00 MB, Working Set: 0.00% | 0.00 MB, Private Usage: 0.30% | 20.85 MB (Limited to 50%)
2025-04-03 12:27:21 - CHROME: RAM usage (RSS): 0.00% | 0.00 MB, Working Set: 0.00% | 0.00 MB, Private Usage: 2.48% | 169.43 MB (Limited to 50%)
2025-04-03 12:27:27 - CHROME: RAM usage (RSS): 0.19% | 13.30 MB, Working Set: 0.19% | 13.30 MB, Private Usage: 2.50% | 170.66 MB (Limited to 50%)
2025-04-03 12:27:33 - CHROME: RAM usage (RSS): 0.00% | 0.00 MB, Working Set: 0.00% | 0.00 MB, Private Usage: 2.11% | 144.25 MB (Limited to 50%)
2025-04-03 12:27:38 - CHROME: RAM usage (RSS): 0.00% | 0.00 MB, Working Set: 0.00% | 0.00 MB, Private Usage: 2.48% | 169.45 MB (Limited to 50%)
2025-04-03 12:27:44 - CHROME: RAM usage (RSS): 0.00% | 0.00 MB, Working Set: 0.00% | 0.00 MB, Private Usage: 2.48% | 169.44 MB (Limited to 50%)
2025-04-03 12:27:50 - CHROME: RAM usage (RSS): 0.00% | 0.00 MB, Working Set: 0.00% | 0.00 MB, Private Usage: 1.81% | 123.62 MB (Limited to 50%)
2025-04-03 12:27:55 - CHROME: RAM usage (RSS): 0.00% | 0.00 MB, Working Set: 0.00% | 0.00 MB, Private Usage: 1.70% | 116.03 MB (Limited to 50%)
2025-04-03 12:28:01 - CHROME: RAM usage (RSS): 0.25% | 17.20 MB, Working Set: 0.25% | 17.20 MB, Private Usage: 2.50% | 170.90 MB (Limited to 50%)
2025-04-03 12:28:07 - CHROME: RAM usage (RSS): 0.00% | 0.00 MB, Working Set: 0.00% | 0.00 MB, Private Usage: 2.02% | 138.28 MB (Limited to 50%)
2025-04-03 12:28:13 - CHROME: RAM usage (RSS): 0.00% | 0.00 MB, Working Set: 0.00% | 0.00 MB, Private Usage: 2.51% | 171.97 MB (Limited to 50%)
2025-04-03 12:28:18 - CHROME: RAM usage (RSS): 0.00% | 0.00 MB, Working Set: 0.00% | 0.00 MB, Private Usage: 0.38% | 26.11 MB (Limited to 50%)
2025-04-03 12:28:24 - CHROME: RAM usage (RSS): 0.00% | 0.00 MB, Working Set: 0.00% | 0.00 MB, Private Usage: 1.81% | 123.62 MB (Limited to 50%)
2025-04-03 12:28:30 - CHROME: RAM usage (RSS): 0.15% | 9.94 MB, Working Set: 0.15% | 9.94 MB, Private Usage: 1.62% | 110.94 MB (Limited to 50%)
2025-04-03 12:28:36 - CHROME: RAM usage (RSS): 0.29% | 20.07 MB, Working Set: 0.29% | 20.07 MB, Private Usage: 2.73% | 186.69 MB (Limited to 50%)
2025-04-03 12:28:41 - CHROME: RAM usage (RSS): 0.00% | 0.00 MB, Working Set: 0.00% | 0.00 MB, Private Usage: 2.06% | 141.19 MB (Limited to 50%)
2025-04-03 12:28:47 - CHROME: RAM usage (RSS): 0.00% | 0.00 MB, Working Set: 0.00% | 0.00 MB, Private Usage: 2.48% | 169.56 MB (Limited to 50%)
2025-04-03 12:28:53 - CHROME: RAM usage (RSS): 0.00% | 0.00 MB, Working Set: 0.00% | 0.00 MB, Private Usage: 4.33% | 296.20 MB (Limited to 50%)
2025-04-03 12:28:58 - CHROME: RAM usage (RSS): 0.00% | 0.00 MB, Working Set: 0.00% | 0.00 MB, Private Usage: 3.48% | 238.30 MB (Limited to 50%)
2025-04-03 12:29:04 - CHROME: RAM usage (RSS): 0.00% | 0.00 MB, Working Set: 0.00% | 0.00 MB, Private Usage: 1.70% | 116.36 MB (Limited to 50%)
2025-04-03 12:29:10 - CHROME: RAM usage (RSS): 0.01% | 0.56 MB, Working Set: 0.01% | 0.56 MB, Private Usage: 2.45% | 167.46 MB (Limited to 50%)
2025-04-03 12:29:16 - CHROME: RAM usage (RSS): 0.00% | 0.00 MB, Working Set: 0.00% | 0.00 MB, Private Usage: 2.03% | 138.58 MB (Limited to 50%)
2025-04-03 12:29:21 - CHROME: RAM usage (RSS): 0.00% | 0.10 MB, Working Set: 0.00% | 0.10 MB, Private Usage: 2.48% | 169.28 MB (Limited to 50%)
2025-04-03 12:29:27 - CHROME: RAM usage (RSS): 0.00% | 0.00 MB, Working Set: 0.00% | 0.00 MB, Private Usage: 0.30% | 20.41 MB (Limited to 50%)
2025-04-03 12:29:33 - CHROME: RAM usage (RSS): 0.00% | 0.00 MB, Working Set: 0.00% | 0.00 MB, Private Usage: 1.72% | 117.62 MB (Limited to 50%)
2025-04-03 12:29:38 - CHROME: RAM usage (RSS): 0.00% | 0.00 MB, Working Set: 0.00% | 0.00 MB, Private Usage: 1.62% | 111.07 MB (Limited to 50%)
2025-04-03 12:29:44 - CHROME: RAM usage (RSS): 0.00% | 0.00 MB, Working Set: 0.00% | 0.00 MB, Private Usage: 1.83% | 125.49 MB (Limited to 50%)
2025-04-03 12:29:50 - CHROME: RAM usage (RSS): 0.00% | 0.00 MB, Working Set: 0.00% | 0.00 MB, Private Usage: 2.01% | 137.36 MB (Limited to 50%)
2025-04-03 12:29:56 - CHROME: RAM usage (RSS): 0.00% | 0.00 MB, Working Set: 0.00% | 0.00 MB, Private Usage: 2.48% | 169.28 MB (Limited to 50%)
2025-04-03 12:30:01 - CHROME: RAM usage (RSS): 0.00% | 0.00 MB, Working Set: 0.00% | 0.00 MB, Private Usage: 2.98% | 203.75 MB (Limited to 50%)
2025-04-03 12:30:07 - CHROME: RAM usage (RSS): 0.00% | 0.00 MB, Working Set: 0.00% | 0.00 MB, Private Usage: 1.72% | 117.62 MB (Limited to 50%)
2025-04-03 12:30:13 - CHROME: RAM usage (RSS): 0.00% | 0.00 MB, Working Set: 0.00% | 0.00 MB, Private Usage: 1.65% | 112.58 MB (Limited to 50%)
2025-04-03 12:30:18 - CHROME: RAM usage (RSS): 0.00% | 0.00 MB, Working Set: 0.00% | 0.00 MB, Private Usage: 1.90% | 129.94 MB (Limited to 50%)
2025-04-03 12:30:24 - CHROME: RAM usage (RSS): 0.00% | 0.00 MB, Working Set: 0.00% | 0.00 MB, Private Usage: 2.10% | 143.63 MB (Limited to 50%)
2025-04-03 12:30:30 - CHROME: RAM usage (RSS): 0.00% | 0.00 MB, Working Set: 0.00% | 0.00 MB, Private Usage: 2.48% | 169.48 MB (Limited to 50%)
2025-04-03 12:30:36 - CHROME: RAM usage (RSS): 0.00% | 0.00 MB, Working Set: 0.00% | 0.00 MB, Private Usage: 0.37% | 25.50 MB (Limited to 50%)
2025-04-03 12:30:41 - CHROME: RAM usage (RSS): 0.00% | 0.00 MB, Working Set: 0.00% | 0.00 MB, Private Usage: 1.72% | 117.62 MB (Limited to 50%)
2025-04-03 12:30:47 - CHROME: RAM usage (RSS): 0.00% | 0.00 MB, Working Set: 0.00% | 0.00 MB, Private Usage: 1.70% | 116.34 MB (Limited to 50%)
2025-04-03 12:30:53 - CHROME: RAM usage (RSS): 0.26% | 17.95 MB, Working Set: 0.26% | 17.95 MB, Private Usage: 3.07% | 209.67 MB (Limited to 50%)
2025-04-03 12:30:59 - CHROME: RAM usage (RSS): 0.00% | 0.00 MB, Working Set: 0.00% | 0.00 MB, Private Usage: 2.48% | 169.30 MB (Limited to 50%)
2025-04-03 12:31:04 - CHROME: RAM usage (RSS): 0.00% | 0.00 MB, Working Set: 0.00% | 0.00 MB, Private Usage: 1.72% | 117.53 MB (Limited to 50%)
2025-04-03 12:31:10 - CHROME: RAM usage (RSS): 0.00% | 0.00 MB, Working Set: 0.00% | 0.00 MB, Private Usage: 2.48% | 169.30 MB (Limited to 50%)
2025-04-03 12:31:16 - CHROME: RAM usage (RSS): 0.00% | 0.00 MB, Working Set: 0.00% | 0.00 MB, Private Usage: 0.30% | 20.85 MB (Limited to 50%)
2025-04-03 12:31:21 - CHROME: RAM usage (RSS): 0.00% | 0.00 MB, Working Set: 0.00% | 0.00 MB, Private Usage: 2.47% | 169.27 MB (Limited to 50%)
2025-04-03 12:31:27 - CHROME: RAM usage (RSS): 0.00% | 0.00 MB, Working Set: 0.00% | 0.00 MB, Private Usage: 2.11% | 144.42 MB (Limited to 50%)
2025-04-03 12:31:33 - CHROME: RAM usage (RSS): 0.00% | 0.00 MB, Working Set: 0.00% | 0.00 MB, Private Usage: 2.48% | 169.27 MB (Limited to 50%)
2025-04-03 12:31:39 - CHROME: RAM usage (RSS): 0.00% | 0.00 MB, Working Set: 0.00% | 0.00 MB, Private Usage: 1.72% | 117.62 MB (Limited to 50%)
2025-04-03 12:31:44 - CHROME: RAM usage (RSS): 0.00% | 0.00 MB, Working Set: 0.00% | 0.00 MB, Private Usage: 2.47% | 169.26 MB (Limited to 50%)
2025-04-03 12:31:50 - CHROME: RAM usage (RSS): 0.00% | 0.00 MB, Working Set: 0.00% | 0.00 MB, Private Usage: 4.33% | 296.19 MB (Limited to 50%)
2025-04-03 12:31:56 - CHROME: RAM usage (RSS): 0.00% | 0.00 MB, Working Set: 0.00% | 0.00 MB, Private Usage: 2.47% | 169.26 MB (Limited to 50%)
2025-04-03 12:32:01 - CHROME: RAM usage (RSS): 0.00% | 0.00 MB, Working Set: 0.00% | 0.00 MB, Private Usage: 2.69% | 184.23 MB (Limited to 50%)
2025-04-03 12:32:07 - CHROME: RAM usage (RSS): 0.00% | 0.00 MB, Working Set: 0.00% | 0.00 MB, Private Usage: 2.46% | 168.22 MB (Limited to 50%)
2025-04-03 12:32:13 - CHROME: RAM usage (RSS): 0.00% | 0.00 MB, Working Set: 0.00% | 0.00 MB, Private Usage: 0.38% | 26.06 MB (Limited to 50%)
2025-04-03 12:32:18 - CHROME: RAM usage (RSS): 0.00% | 0.00 MB, Working Set: 0.00% | 0.00 MB, Private Usage: 2.46% | 168.43 MB (Limited to 50%)
2025-04-03 12:32:24 - CHROME: RAM usage (RSS): 0.00% | 0.00 MB, Working Set: 0.00% | 0.00 MB, Private Usage: 0.28% | 18.92 MB (Limited to 50%)
2025-04-03 12:32:30 - CHROME: RAM usage (RSS): 0.00% | 0.00 MB, Working Set: 0.00% | 0.00 MB, Private Usage: 1.64% | 112.50 MB (Limited to 50%)
2025-04-03 12:32:36 - CHROME: RAM usage (RSS): 0.12% | 8.09 MB, Working Set: 0.12% | 8.09 MB, Private Usage: 1.91% | 130.61 MB (Limited to 50%)
2025-04-03 12:32:41 - CHROME: RAM usage (RSS): 0.00% | 0.00 MB, Working Set: 0.00% | 0.00 MB, Private Usage: 2.10% | 143.66 MB (Limited to 50%)
2025-04-03 12:32:47 - CHROME: RAM usage (RSS): 0.00% | 0.00 MB, Working Set: 0.00% | 0.00 MB, Private Usage: 2.48% | 169.33 MB (Limited to 50%)
2025-04-03 12:32:53 - CHROME: RAM usage (RSS): 0.00% | 0.00 MB, Working Set: 0.00% | 0.00 MB, Private Usage: 4.39% | 300.23 MB (Limited to 50%)
2025-04-03 12:32:58 - CHROME: RAM usage (RSS): 0.01% | 0.58 MB, Working Set: 0.01% | 0.58 MB, Private Usage: 2.48% | 169.33 MB (Limited to 50%)
2025-04-03 12:33:04 - CHROME: RAM usage (RSS): 0.00% | 0.00 MB, Working Set: 0.00% | 0.00 MB, Private Usage: 1.70% | 116.54 MB (Limited to 50%)
2025-04-03 12:33:10 - CHROME: RAM usage (RSS): 0.00% | 0.00 MB, Working Set: 0.00% | 0.00 MB, Private Usage: 1.72% | 117.54 MB (Limited to 50%)
2025-04-03 12:33:15 - CHROME: RAM usage (RSS): 0.00% | 0.00 MB, Working Set: 0.00% | 0.00 MB, Private Usage: 0.31% | 21.03 MB (Limited to 50%)
2025-04-03 12:33:21 - CHROME: RAM usage (RSS): 0.18% | 12.10 MB, Working Set: 0.18% | 12.10 MB, Private Usage: 2.53% | 172.88 MB (Limited to 50%)
2025-04-03 12:33:27 - CHROME: RAM usage (RSS): 0.00% | 0.00 MB, Working Set: 0.00% | 0.00 MB, Private Usage: 2.10% | 143.72 MB (Limited to 50%)
2025-04-03 12:33:33 - CHROME: RAM usage (RSS): 0.00% | 0.00 MB, Working Set: 0.00% | 0.00 MB, Private Usage: 2.48% | 169.30 MB (Limited to 50%)
2025-04-03 12:33:38 - CHROME: RAM usage (RSS): 0.00% | 0.00 MB, Working Set: 0.00% | 0.00 MB, Private Usage: 1.31% | 89.70 MB (Limited to 50%)
2025-04-03 12:33:44 - CHROME: RAM usage (RSS): 0.00% | 0.00 MB, Working Set: 0.00% | 0.00 MB, Private Usage: 2.48% | 169.29 MB (Limited to 50%)
2025-04-03 12:33:50 - CHROME: RAM usage (RSS): 0.00% | 0.00 MB, Working Set: 0.00% | 0.00 MB, Private Usage: 4.34% | 297.09 MB (Limited to 50%)
2025-04-03 12:33:56 - CHROME: RAM usage (RSS): 0.00% | 0.00 MB, Working Set: 0.00% | 0.00 MB, Private Usage: 2.52% | 172.25 MB (Limited to 50%)
2025-04-03 12:34:01 - CHROME: RAM usage (RSS): 0.00% | 0.00 MB, Working Set: 0.00% | 0.00 MB, Private Usage: 2.03% | 138.71 MB (Limited to 50%)
2025-04-03 12:34:07 - CHROME: RAM usage (RSS): 0.00% | 0.00 MB, Working Set: 0.00% | 0.00 MB, Private Usage: 2.48% | 169.32 MB (Limited to 50%)
2025-04-03 12:34:13 - CHROME: RAM usage (RSS): 0.00% | 0.00 MB, Working Set: 0.00% | 0.00 MB, Private Usage: 0.31% | 21.27 MB (Limited to 50%)
2025-04-03 12:34:18 - CHROME: RAM usage (RSS): 0.00% | 0.00 MB, Working Set: 0.00% | 0.00 MB, Private Usage: 2.48% | 169.39 MB (Limited to 50%)
2025-04-03 12:34:24 - CHROME: RAM usage (RSS): 0.00% | 0.00 MB, Working Set: 0.00% | 0.00 MB, Private Usage: 0.28% | 18.96 MB (Limited to 50%)
2025-04-03 12:34:30 - CHROME: RAM usage (RSS): 0.18% | 12.25 MB, Working Set: 0.18% | 12.25 MB, Private Usage: 1.88% | 128.73 MB (Limited to 50%)
2025-04-03 12:34:36 - CHROME: RAM usage (RSS): 0.00% | 0.00 MB, Working Set: 0.00% | 0.00 MB, Private Usage: 2.03% | 138.49 MB (Limited to 50%)
2025-04-03 12:34:41 - CHROME: RAM usage (RSS): 0.00% | 0.00 MB, Working Set: 0.00% | 0.00 MB, Private Usage: 2.48% | 169.38 MB (Limited to 50%)
2025-04-03 12:34:47 - CHROME: RAM usage (RSS): 0.00% | 0.00 MB, Working Set: 0.00% | 0.00 MB, Private Usage: 1.28% | 87.34 MB (Limited to 50%)
2025-04-03 12:34:53 - CHROME: RAM usage (RSS): 0.00% | 0.00 MB, Working Set: 0.00% | 0.00 MB, Private Usage: 2.48% | 169.38 MB (Limited to 50%)
2025-04-03 12:34:58 - CHROME: RAM usage (RSS): 0.00% | 0.00 MB, Working Set: 0.00% | 0.00 MB, Private Usage: 3.48% | 238.05 MB (Limited to 50%)
2025-04-03 12:35:04 - CHROME: RAM usage (RSS): 0.25% | 17.11 MB, Working Set: 0.25% | 17.11 MB, Private Usage: 2.31% | 157.74 MB (Limited to 50%)
2025-04-03 12:35:10 - CHROME: RAM usage (RSS): 0.00% | 0.00 MB, Working Set: 0.00% | 0.00 MB, Private Usage: 2.10% | 143.64 MB (Limited to 50%)
2025-04-03 12:35:16 - CHROME: RAM usage (RSS): 0.00% | 0.00 MB, Working Set: 0.00% | 0.00 MB, Private Usage: 2.48% | 169.33 MB (Limited to 50%)
2025-04-03 12:35:21 - CHROME: RAM usage (RSS): 0.00% | 0.00 MB, Working Set: 0.00% | 0.00 MB, Private Usage: 0.30% | 20.32 MB (Limited to 50%)
2025-04-03 12:35:27 - CHROME: RAM usage (RSS): 0.00% | 0.00 MB, Working Set: 0.00% | 0.00 MB, Private Usage: 1.28% | 87.34 MB (Limited to 50%)
2025-04-03 12:35:33 - CHROME: RAM usage (RSS): 0.00% | 0.00 MB, Working Set: 0.00% | 0.00 MB, Private Usage: 4.34% | 297.09 MB (Limited to 50%)
2025-04-03 12:35:38 - CHROME: RAM usage (RSS): 0.20% | 13.44 MB, Working Set: 0.20% | 13.44 MB, Private Usage: 2.54% | 173.86 MB (Limited to 50%)
2025-04-03 12:35:44 - CHROME: RAM usage (RSS): 0.00% | 0.00 MB, Working Set: 0.00% | 0.00 MB, Private Usage: 2.10% | 143.84 MB (Limited to 50%)
2025-04-03 12:35:50 - CHROME: RAM usage (RSS): 0.00% | 0.00 MB, Working Set: 0.00% | 0.00 MB, Private Usage: 2.48% | 169.68 MB (Limited to 50%)
2025-04-03 12:35:56 - CHROME: RAM usage (RSS): 0.00% | 0.00 MB, Working Set: 0.00% | 0.00 MB, Private Usage: 4.34% | 297.09 MB (Limited to 50%)
2025-04-03 12:36:01 - CHROME: RAM usage (RSS): 0.00% | 0.00 MB, Working Set: 0.00% | 0.00 MB, Private Usage: 2.48% | 169.58 MB (Limited to 50%)
2025-04-03 12:36:07 - CHROME: RAM usage (RSS): 0.00% | 0.00 MB, Working Set: 0.00% | 0.00 MB, Private Usage: 3.48% | 238.18 MB (Limited to 50%)
2025-04-03 12:36:13 - CHROME: RAM usage (RSS): 0.92% | 63.02 MB, Working Set: 0.92% | 63.02 MB, Private Usage: 2.72% | 186.04 MB (Limited to 50%)
2025-04-03 12:36:18 - CHROME: RAM usage (RSS): 0.00% | 0.00 MB, Working Set: 0.00% | 0.00 MB, Private Usage: 2.04% | 139.38 MB (Limited to 50%)
2025-04-03 12:36:24 - CHROME: RAM usage (RSS): 0.00% | 0.00 MB, Working Set: 0.00% | 0.00 MB, Private Usage: 2.48% | 169.53 MB (Limited to 50%)
2025-04-03 12:36:30 - CHROME: RAM usage (RSS): 0.00% | 0.00 MB, Working Set: 0.00% | 0.00 MB, Private Usage: 0.30% | 20.38 MB (Limited to 50%)
2025-04-03 12:36:36 - CHROME: RAM usage (RSS): 0.00% | 0.00 MB, Working Set: 0.00% | 0.00 MB, Private Usage: 2.98% | 203.75 MB (Limited to 50%)
2025-04-03 12:36:41 - CHROME: RAM usage (RSS): 0.00% | 0.00 MB, Working Set: 0.00% | 0.00 MB, Private Usage: 1.28% | 87.34 MB (Limited to 50%)
2025-04-03 12:36:47 - CHROME: RAM usage (RSS): 0.28% | 18.82 MB, Working Set: 0.28% | 18.82 MB, Private Usage: 2.62% | 179.38 MB (Limited to 50%)
2025-04-03 12:36:53 - CHROME: RAM usage (RSS): 0.00% | 0.00 MB, Working Set: 0.00% | 0.00 MB, Private Usage: 2.10% | 143.94 MB (Limited to 50%)
2025-04-03 12:36:58 - CHROME: RAM usage (RSS): 0.00% | 0.00 MB, Working Set: 0.00% | 0.00 MB, Private Usage: 2.48% | 169.47 MB (Limited to 50%)
2025-04-03 12:37:04 - CHROME: RAM usage (RSS): 0.00% | 0.00 MB, Working Set: 0.00% | 0.00 MB, Private Usage: 1.28% | 87.25 MB (Limited to 50%)
2025-04-03 12:37:10 - CHROME: RAM usage (RSS): 0.00% | 0.00 MB, Working Set: 0.00% | 0.00 MB, Private Usage: 2.48% | 169.46 MB (Limited to 50%)
2025-04-03 12:37:16 - CHROME: RAM usage (RSS): 0.00% | 0.00 MB, Working Set: 0.00% | 0.00 MB, Private Usage: 1.69% | 115.74 MB (Limited to 50%)
2025-04-03 12:37:21 - CHROME: RAM usage (RSS): 0.23% | 15.98 MB, Working Set: 0.23% | 15.98 MB, Private Usage: 2.48% | 169.40 MB (Limited to 50%)
2025-04-03 12:37:27 - CHROME: RAM usage (RSS): 0.00% | 0.00 MB, Working Set: 0.00% | 0.00 MB, Private Usage: 2.03% | 138.98 MB (Limited to 50%)
2025-04-03 12:37:33 - CHROME: RAM usage (RSS): 0.00% | 0.00 MB, Working Set: 0.00% | 0.00 MB, Private Usage: 2.48% | 169.37 MB (Limited to 50%)
2025-04-03 12:37:38 - CHROME: RAM usage (RSS): 0.00% | 0.00 MB, Working Set: 0.00% | 0.00 MB, Private Usage: 0.37% | 25.61 MB (Limited to 50%)
2025-04-03 12:37:44 - CHROME: RAM usage (RSS): 0.00% | 0.00 MB, Working Set: 0.00% | 0.00 MB, Private Usage: 2.48% | 169.36 MB (Limited to 50%)
2025-04-03 12:37:50 - CHROME: RAM usage (RSS): 0.17% | 11.41 MB, Working Set: 0.17% | 11.41 MB, Private Usage: 1.63% | 111.16 MB (Limited to 50%)
2025-04-03 12:37:56 - CHROME: RAM usage (RSS): 0.29% | 20.14 MB, Working Set: 0.29% | 20.14 MB, Private Usage: 2.45% | 167.76 MB (Limited to 50%)
2025-04-03 12:38:01 - CHROME: RAM usage (RSS): 0.00% | 0.00 MB, Working Set: 0.00% | 0.00 MB, Private Usage: 2.03% | 139.01 MB (Limited to 50%)
2025-04-03 12:38:07 - CHROME: RAM usage (RSS): 0.00% | 0.00 MB, Working Set: 0.00% | 0.00 MB, Private Usage: 2.48% | 169.36 MB (Limited to 50%)
2025-04-03 12:38:13 - CHROME: RAM usage (RSS): 0.00% | 0.00 MB, Working Set: 0.00% | 0.00 MB, Private Usage: 0.30% | 20.84 MB (Limited to 50%)
2025-04-03 12:38:18 - CHROME: RAM usage (RSS): 0.00% | 0.14 MB, Working Set: 0.00% | 0.14 MB, Private Usage: 2.48% | 169.43 MB (Limited to 50%)
2025-04-03 12:38:24 - CHROME: RAM usage (RSS): 0.00% | 0.00 MB, Working Set: 0.00% | 0.00 MB, Private Usage: 1.62% | 110.96 MB (Limited to 50%)
2025-04-03 12:38:30 - CHROME: RAM usage (RSS): 0.00% | 0.00 MB, Working Set: 0.00% | 0.00 MB, Private Usage: 1.83% | 124.96 MB (Limited to 50%)
2025-04-03 12:38:36 - CHROME: RAM usage (RSS): 0.00% | 0.00 MB, Working Set: 0.00% | 0.00 MB, Private Usage: 2.03% | 138.63 MB (Limited to 50%)
2025-04-03 12:38:41 - CHROME: RAM usage (RSS): 0.00% | 0.00 MB, Working Set: 0.00% | 0.00 MB, Private Usage: 2.48% | 169.43 MB (Limited to 50%)
2025-04-03 12:38:47 - CHROME: RAM usage (RSS): 0.00% | 0.00 MB, Working Set: 0.00% | 0.00 MB, Private Usage: 1.28% | 87.34 MB (Limited to 50%)
2025-04-03 12:38:53 - CHROME: RAM usage (RSS): 0.00% | 0.00 MB, Working Set: 0.00% | 0.00 MB, Private Usage: 2.48% | 169.43 MB (Limited to 50%)
2025-04-03 12:38:58 - CHROME: RAM usage (RSS): 0.00% | 0.00 MB, Working Set: 0.00% | 0.00 MB, Private Usage: 1.63% | 111.30 MB (Limited to 50%)
2025-04-03 12:39:04 - CHROME: RAM usage (RSS): 0.00% | 0.00 MB, Working Set: 0.00% | 0.00 MB, Private Usage: 1.91% | 130.78 MB (Limited to 50%)
2025-04-03 12:39:10 - CHROME: RAM usage (RSS): 0.00% | 0.00 MB, Working Set: 0.00% | 0.00 MB, Private Usage: 2.11% | 144.01 MB (Limited to 50%)
2025-04-03 12:39:16 - CHROME: RAM usage (RSS): 0.00% | 0.00 MB, Working Set: 0.00% | 0.00 MB, Private Usage: 2.48% | 169.39 MB (Limited to 50%)
2025-04-03 12:39:21 - CHROME: RAM usage (RSS): 0.00% | 0.18 MB, Working Set: 0.00% | 0.18 MB, Private Usage: 0.38% | 26.00 MB (Limited to 50%)
2025-04-03 12:39:27 - CHROME: RAM usage (RSS): 0.00% | 0.00 MB, Working Set: 0.00% | 0.00 MB, Private Usage: 1.28% | 87.34 MB (Limited to 50%)
2025-04-03 12:39:33 - CHROME: RAM usage (RSS): 0.00% | 0.00 MB, Working Set: 0.00% | 0.00 MB, Private Usage: 1.71% | 116.69 MB (Limited to 50%)
2025-04-03 12:39:38 - CHROME: RAM usage (RSS): 0.00% | 0.00 MB, Working Set: 0.00% | 0.00 MB, Private Usage: 1.90% | 130.15 MB (Limited to 50%)
2025-04-03 12:39:44 - CHROME: RAM usage (RSS): 0.00% | 0.00 MB, Working Set: 0.00% | 0.00 MB, Private Usage: 2.11% | 144.15 MB (Limited to 50%)
2025-04-03 12:39:50 - CHROME: RAM usage (RSS): 0.00% | 0.00 MB, Working Set: 0.00% | 0.00 MB, Private Usage: 2.48% | 169.36 MB (Limited to 50%)
2025-04-03 12:39:55 - CHROME: RAM usage (RSS): 0.00% | 0.00 MB, Working Set: 0.00% | 0.00 MB, Private Usage: 0.28% | 18.96 MB (Limited to 50%)
2025-04-03 12:40:01 - CHROME: RAM usage (RSS): 0.00% | 0.00 MB, Working Set: 0.00% | 0.00 MB, Private Usage: 2.48% | 169.36 MB (Limited to 50%)
2025-04-03 12:40:07 - CHROME: RAM usage (RSS): 0.00% | 0.00 MB, Working Set: 0.00% | 0.00 MB, Private Usage: 1.70% | 116.46 MB (Limited to 50%)
2025-04-03 12:40:12 - CHROME: RAM usage (RSS): 0.00% | 0.00 MB, Working Set: 0.00% | 0.00 MB, Private Usage: 1.82% | 124.80 MB (Limited to 50%)
2025-04-03 12:40:18 - CHROME: RAM usage (RSS): 0.00% | 0.00 MB, Working Set: 0.00% | 0.00 MB, Private Usage: 2.03% | 139.13 MB (Limited to 50%)
2025-04-03 12:40:24 - CHROME: RAM usage (RSS): 0.00% | 0.00 MB, Working Set: 0.00% | 0.00 MB, Private Usage: 2.48% | 169.43 MB (Limited to 50%)
2025-04-03 12:40:29 - CHROME: RAM usage (RSS): 0.00% | 0.00 MB, Working Set: 0.00% | 0.00 MB, Private Usage: 0.37% | 25.51 MB (Limited to 50%)
2025-04-03 12:40:35 - CHROME: RAM usage (RSS): 0.00% | 0.00 MB, Working Set: 0.00% | 0.00 MB, Private Usage: 1.28% | 87.34 MB (Limited to 50%)
2025-04-03 12:40:41 - CHROME: RAM usage (RSS): 0.00% | 0.00 MB, Working Set: 0.00% | 0.00 MB, Private Usage: 1.62% | 111.11 MB (Limited to 50%)
2025-04-03 12:40:47 - CHROME: RAM usage (RSS): 0.00% | 0.00 MB, Working Set: 0.00% | 0.00 MB, Private Usage: 1.84% | 125.79 MB (Limited to 50%)
2025-04-03 12:40:52 - CHROME: RAM usage (RSS): 0.00% | 0.00 MB, Working Set: 0.00% | 0.00 MB, Private Usage: 2.04% | 139.38 MB (Limited to 50%)
2025-04-03 12:40:58 - CHROME: RAM usage (RSS): 0.00% | 0.00 MB, Working Set: 0.00% | 0.00 MB, Private Usage: 2.48% | 169.42 MB (Limited to 50%)
2025-04-03 12:41:04 - CHROME: RAM usage (RSS): 0.00% | 0.00 MB, Working Set: 0.00% | 0.00 MB, Private Usage: 1.28% | 87.32 MB (Limited to 50%)
2025-04-03 12:41:09 - CHROME: RAM usage (RSS): 0.00% | 0.00 MB, Working Set: 0.00% | 0.00 MB, Private Usage: 2.48% | 169.43 MB (Limited to 50%)
2025-04-03 12:41:15 - CHROME: RAM usage (RSS): 0.00% | 0.00 MB, Working Set: 0.00% | 0.00 MB, Private Usage: 1.64% | 112.10 MB (Limited to 50%)
2025-04-03 12:41:21 - CHROME: RAM usage (RSS): 0.60% | 40.86 MB, Working Set: 0.60% | 40.86 MB, Private Usage: 3.07% | 210.30 MB (Limited to 50%)
2025-04-03 12:41:26 - CHROME: RAM usage (RSS): 0.00% | 0.00 MB, Working Set: 0.00% | 0.00 MB, Private Usage: 2.48% | 169.39 MB (Limited to 50%)
2025-04-03 12:41:32 - CHROME: RAM usage (RSS): 0.00% | 0.00 MB, Working Set: 0.00% | 0.00 MB, Private Usage: 0.30% | 20.46 MB (Limited to 50%)
2025-04-03 12:41:38 - CHROME: RAM usage (RSS): 0.00% | 0.00 MB, Working Set: 0.00% | 0.00 MB, Private Usage: 3.48% | 238.25 MB (Limited to 50%)
2025-04-03 12:41:43 - CHROME: RAM usage (RSS): 0.00% | 0.00 MB, Working Set: 0.00% | 0.00 MB, Private Usage: 2.48% | 169.39 MB (Limited to 50%)
2025-04-03 12:41:49 - CHROME: RAM usage (RSS): 0.00% | 0.00 MB, Working Set: 0.00% | 0.00 MB, Private Usage: 2.48% | 169.38 MB (Limited to 50%)
2025-04-03 12:41:55 - CHROME: RAM usage (RSS): 0.00% | 0.00 MB, Working Set: 0.00% | 0.00 MB, Private Usage: 2.04% | 139.22 MB (Limited to 50%)
2025-04-03 12:42:01 - CHROME: RAM usage (RSS): 0.00% | 0.00 MB, Working Set: 0.00% | 0.00 MB, Private Usage: 2.48% | 169.38 MB (Limited to 50%)
2025-04-03 12:42:06 - CHROME: RAM usage (RSS): 0.00% | 0.00 MB, Working Set: 0.00% | 0.00 MB, Private Usage: 1.28% | 87.23 MB (Limited to 50%)
2025-04-03 12:42:12 - CHROME: RAM usage (RSS): 0.00% | 0.00 MB, Working Set: 0.00% | 0.00 MB, Private Usage: 2.52% | 172.27 MB (Limited to 50%)
2025-04-03 12:42:18 - CHROME: RAM usage (RSS): 0.00% | 0.00 MB, Working Set: 0.00% | 0.00 MB, Private Usage: 0.30% | 20.84 MB (Limited to 50%)
2025-04-03 12:42:23 - CHROME: RAM usage (RSS): 0.00% | 0.00 MB, Working Set: 0.00% | 0.00 MB, Private Usage: 2.48% | 169.79 MB (Limited to 50%)
2025-04-03 12:42:29 - CHROME: RAM usage (RSS): 0.00% | 0.00 MB, Working Set: 0.00% | 0.00 MB, Private Usage: 2.03% | 138.99 MB (Limited to 50%)
2025-04-03 12:42:35 - CHROME: RAM usage (RSS): 0.00% | 0.00 MB, Working Set: 0.00% | 0.00 MB, Private Usage: 2.48% | 169.80 MB (Limited to 50%)
2025-04-03 12:42:40 - CHROME: RAM usage (RSS): 0.00% | 0.00 MB, Working Set: 0.00% | 0.00 MB, Private Usage: 4.34% | 297.09 MB (Limited to 50%)
2025-04-03 12:42:46 - CHROME: RAM usage (RSS): 0.00% | 0.00 MB, Working Set: 0.00% | 0.00 MB, Private Usage: 3.49% | 238.39 MB (Limited to 50%)
2025-04-03 12:42:52 - CHROME: RAM usage (RSS): 0.00% | 0.00 MB, Working Set: 0.00% | 0.00 MB, Private Usage: 2.48% | 169.73 MB (Limited to 50%)
2025-04-03 12:42:57 - CHROME: RAM usage (RSS): 0.00% | 0.00 MB, Working Set: 0.00% | 0.00 MB, Private Usage: 2.48% | 169.73 MB (Limited to 50%)
2025-04-03 12:43:03 - CHROME: RAM usage (RSS): 0.00% | 0.00 MB, Working Set: 0.00% | 0.00 MB, Private Usage: 2.11% | 144.12 MB (Limited to 50%)
2025-04-03 12:43:09 - CHROME: RAM usage (RSS): 0.00% | 0.00 MB, Working Set: 0.00% | 0.00 MB, Private Usage: 2.48% | 169.67 MB (Limited to 50%)
2025-04-03 12:43:15 - CHROME: RAM usage (RSS): 0.00% | 0.00 MB, Working Set: 0.00% | 0.00 MB, Private Usage: 0.31% | 20.92 MB (Limited to 50%)
2025-04-03 12:43:20 - CHROME: RAM usage (RSS): 0.00% | 0.03 MB, Working Set: 0.00% | 0.03 MB, Private Usage: 2.48% | 169.68 MB (Limited to 50%)
2025-04-03 12:43:26 - CHROME: RAM usage (RSS): 0.00% | 0.00 MB, Working Set: 0.00% | 0.00 MB, Private Usage: 1.28% | 87.34 MB (Limited to 50%)
2025-04-03 12:43:32 - CHROME: RAM usage (RSS): 0.00% | 0.00 MB, Working Set: 0.00% | 0.00 MB, Private Usage: 2.48% | 169.42 MB (Limited to 50%)
2025-04-03 12:43:37 - CHROME: RAM usage (RSS): 0.00% | 0.00 MB, Working Set: 0.00% | 0.00 MB, Private Usage: 2.03% | 138.91 MB (Limited to 50%)
2025-04-03 12:43:43 - CHROME: RAM usage (RSS): 0.00% | 0.00 MB, Working Set: 0.00% | 0.00 MB, Private Usage: 2.48% | 169.42 MB (Limited to 50%)
2025-04-03 12:43:49 - CHROME: RAM usage (RSS): 0.00% | 0.00 MB, Working Set: 0.00% | 0.00 MB, Private Usage: 2.98% | 203.75 MB (Limited to 50%)
2025-04-03 12:43:54 - CHROME: RAM usage (RSS): 0.00% | 0.00 MB, Working Set: 0.00% | 0.00 MB, Private Usage: 1.28% | 87.34 MB (Limited to 50%)
2025-04-03 12:44:00 - CHROME: RAM usage (RSS): 0.00% | 0.00 MB, Working Set: 0.00% | 0.00 MB, Private Usage: 2.48% | 169.42 MB (Limited to 50%)
2025-04-03 12:44:06 - CHROME: RAM usage (RSS): 0.22% | 15.09 MB, Working Set: 0.22% | 15.09 MB, Private Usage: 1.98% | 135.18 MB (Limited to 50%)
2025-04-03 12:44:12 - CHROME: RAM usage (RSS): 0.00% | 0.00 MB, Working Set: 0.00% | 0.00 MB, Private Usage: 2.02% | 137.92 MB (Limited to 50%)
2025-04-03 12:44:17 - CHROME: RAM usage (RSS): 0.00% | 0.00 MB, Working Set: 0.00% | 0.00 MB, Private Usage: 2.48% | 169.48 MB (Limited to 50%)
2025-04-03 12:44:23 - CHROME: RAM usage (RSS): 0.00% | 0.00 MB, Working Set: 0.00% | 0.00 MB, Private Usage: 0.30% | 20.35 MB (Limited to 50%)
2025-04-03 12:44:29 - CHROME: RAM usage (RSS): 0.00% | 0.00 MB, Working Set: 0.00% | 0.00 MB, Private Usage: 1.28% | 87.34 MB (Limited to 50%)
2025-04-03 12:44:34 - CHROME: RAM usage (RSS): 0.00% | 0.00 MB, Working Set: 0.00% | 0.00 MB, Private Usage: 4.34% | 297.09 MB (Limited to 50%)
2025-04-03 12:44:40 - CHROME: RAM usage (RSS): 0.25% | 17.14 MB, Working Set: 0.25% | 17.14 MB, Private Usage: 2.11% | 144.33 MB (Limited to 50%)
2025-04-03 12:44:46 - CHROME: RAM usage (RSS): 0.00% | 0.00 MB, Working Set: 0.00% | 0.00 MB, Private Usage: 2.10% | 143.74 MB (Limited to 50%)
2025-04-03 12:44:51 - CHROME: RAM usage (RSS): 0.01% | 0.44 MB, Working Set: 0.01% | 0.44 MB, Private Usage: 2.48% | 169.47 MB (Limited to 50%)
2025-04-03 12:44:57 - CHROME: RAM usage (RSS): 0.00% | 0.00 MB, Working Set: 0.00% | 0.00 MB, Private Usage: 2.48% | 169.77 MB (Limited to 50%)
2025-04-03 12:45:03 - CHROME: RAM usage (RSS): 0.00% | 0.00 MB, Working Set: 0.00% | 0.00 MB, Private Usage: 1.28% | 87.34 MB (Limited to 50%)
2025-04-03 12:45:08 - CHROME: RAM usage (RSS): 0.00% | 0.00 MB, Working Set: 0.00% | 0.00 MB, Private Usage: 2.48% | 169.77 MB (Limited to 50%)
2025-04-03 12:45:14 - CHROME: RAM usage (RSS): 0.45% | 30.66 MB, Working Set: 0.45% | 30.66 MB, Private Usage: 1.97% | 134.39 MB (Limited to 50%)
2025-04-03 12:45:20 - CHROME: RAM usage (RSS): 0.00% | 0.00 MB, Working Set: 0.00% | 0.00 MB, Private Usage: 2.05% | 140.36 MB (Limited to 50%)
2025-04-03 12:45:26 - CHROME: RAM usage (RSS): 0.00% | 0.03 MB, Working Set: 0.00% | 0.03 MB, Private Usage: 2.48% | 169.73 MB (Limited to 50%)
2025-04-03 12:45:31 - CHROME: RAM usage (RSS): 0.00% | 0.00 MB, Working Set: 0.00% | 0.00 MB, Private Usage: 0.30% | 20.44 MB (Limited to 50%)
2025-04-03 12:45:37 - CHROME: RAM usage (RSS): 0.00% | 0.00 MB, Working Set: 0.00% | 0.00 MB, Private Usage: 3.49% | 238.40 MB (Limited to 50%)
2025-04-03 12:45:43 - CHROME: RAM usage (RSS): 0.00% | 0.00 MB, Working Set: 0.00% | 0.00 MB, Private Usage: 2.48% | 169.72 MB (Limited to 50%)
2025-04-03 12:45:48 - CHROME: RAM usage (RSS): 0.19% | 12.80 MB, Working Set: 0.19% | 12.80 MB, Private Usage: 2.31% | 158.32 MB (Limited to 50%)
2025-04-03 12:45:54 - CHROME: RAM usage (RSS): 0.00% | 0.00 MB, Working Set: 0.00% | 0.00 MB, Private Usage: 2.11% | 144.02 MB (Limited to 50%)
2025-04-03 12:46:00 - CHROME: RAM usage (RSS): 0.00% | 0.21 MB, Working Set: 0.00% | 0.21 MB, Private Usage: 2.48% | 169.72 MB (Limited to 50%)
2025-04-03 12:46:05 - CHROME: RAM usage (RSS): 0.00% | 0.00 MB, Working Set: 0.00% | 0.00 MB, Private Usage: 1.28% | 87.23 MB (Limited to 50%)
2025-04-03 12:46:11 - CHROME: RAM usage (RSS): 0.00% | 0.00 MB, Working Set: 0.00% | 0.00 MB, Private Usage: 0.28% | 18.96 MB (Limited to 50%)
2025-04-03 12:46:17 - CHROME: RAM usage (RSS): 0.00% | 0.00 MB, Working Set: 0.00% | 0.00 MB, Private Usage: 0.30% | 20.83 MB (Limited to 50%)
2025-04-03 12:46:23 - CHROME: RAM usage (RSS): 0.22% | 15.07 MB, Working Set: 0.22% | 15.07 MB, Private Usage: 2.25% | 153.94 MB (Limited to 50%)
2025-04-03 12:46:28 - CHROME: RAM usage (RSS): 0.00% | 0.00 MB, Working Set: 0.00% | 0.00 MB, Private Usage: 2.11% | 144.01 MB (Limited to 50%)
2025-04-03 12:46:34 - CHROME: RAM usage (RSS): 0.00% | 0.00 MB, Working Set: 0.00% | 0.00 MB, Private Usage: 2.48% | 169.92 MB (Limited to 50%)
2025-04-03 12:46:40 - CHROME: RAM usage (RSS): 0.00% | 0.00 MB, Working Set: 0.00% | 0.00 MB, Private Usage: 1.28% | 87.34 MB (Limited to 50%)
2025-04-03 12:46:45 - CHROME: RAM usage (RSS): 0.00% | 0.00 MB, Working Set: 0.00% | 0.00 MB, Private Usage: 2.48% | 169.79 MB (Limited to 50%)
2025-04-03 12:46:51 - CHROME: RAM usage (RSS): 0.00% | 0.00 MB, Working Set: 0.00% | 0.00 MB, Private Usage: 4.34% | 297.09 MB (Limited to 50%)
2025-04-03 12:46:57 - CHROME: RAM usage (RSS): 0.65% | 44.36 MB, Working Set: 0.65% | 44.36 MB, Private Usage: 2.37% | 162.13 MB (Limited to 50%)
2025-04-03 12:47:03 - CHROME: RAM usage (RSS): 0.00% | 0.00 MB, Working Set: 0.00% | 0.00 MB, Private Usage: 2.03% | 138.79 MB (Limited to 50%)
2025-04-03 12:47:08 - CHROME: RAM usage (RSS): 0.00% | 0.00 MB, Working Set: 0.00% | 0.00 MB, Private Usage: 2.48% | 169.79 MB (Limited to 50%)
2025-04-03 12:47:14 - CHROME: RAM usage (RSS): 0.00% | 0.00 MB, Working Set: 0.00% | 0.00 MB, Private Usage: 0.31% | 20.88 MB (Limited to 50%)
2025-04-03 12:47:20 - CHROME: RAM usage (RSS): 0.00% | 0.00 MB, Working Set: 0.00% | 0.00 MB, Private Usage: 2.48% | 169.76 MB (Limited to 50%)
2025-04-03 12:47:25 - CHROME: RAM usage (RSS): 0.00% | 0.00 MB, Working Set: 0.00% | 0.00 MB, Private Usage: 1.63% | 111.61 MB (Limited to 50%)
2025-04-03 12:47:31 - CHROME: RAM usage (RSS): 0.23% | 15.41 MB, Working Set: 0.23% | 15.41 MB, Private Usage: 2.68% | 183.02 MB (Limited to 50%)
2025-04-03 12:47:37 - CHROME: RAM usage (RSS): 0.00% | 0.00 MB, Working Set: 0.00% | 0.00 MB, Private Usage: 2.02% | 138.13 MB (Limited to 50%)
2025-04-03 12:47:43 - CHROME: RAM usage (RSS): 0.00% | 0.00 MB, Working Set: 0.00% | 0.00 MB, Private Usage: 2.48% | 169.75 MB (Limited to 50%)
2025-04-03 12:47:48 - CHROME: RAM usage (RSS): 0.00% | 0.00 MB, Working Set: 0.00% | 0.00 MB, Private Usage: 1.28% | 87.34 MB (Limited to 50%)
2025-04-03 12:47:54 - CHROME: RAM usage (RSS): 0.00% | 0.00 MB, Working Set: 0.00% | 0.00 MB, Private Usage: 4.34% | 297.09 MB (Limited to 50%)
2025-04-03 12:48:00 - CHROME: RAM usage (RSS): 0.00% | 0.00 MB, Working Set: 0.00% | 0.00 MB, Private Usage: 1.63% | 111.18 MB (Limited to 50%)
2025-04-03 12:48:05 - CHROME: RAM usage (RSS): 0.28% | 19.10 MB, Working Set: 0.28% | 19.10 MB, Private Usage: 2.67% | 182.39 MB (Limited to 50%)
2025-04-03 12:48:11 - CHROME: RAM usage (RSS): 0.00% | 0.00 MB, Working Set: 0.00% | 0.00 MB, Private Usage: 2.02% | 138.38 MB (Limited to 50%)
2025-04-03 12:48:17 - CHROME: RAM usage (RSS): 0.00% | 0.00 MB, Working Set: 0.00% | 0.00 MB, Private Usage: 2.48% | 169.82 MB (Limited to 50%)
2025-04-03 12:48:23 - CHROME: RAM usage (RSS): 0.00% | 0.00 MB, Working Set: 0.00% | 0.00 MB, Private Usage: 0.37% | 25.55 MB (Limited to 50%)
2025-04-03 12:48:28 - CHROME: RAM usage (RSS): 0.00% | 0.00 MB, Working Set: 0.00% | 0.00 MB, Private Usage: 1.28% | 87.34 MB (Limited to 50%)
2025-04-03 12:48:34 - CHROME: RAM usage (RSS): 0.21% | 14.29 MB, Working Set: 0.21% | 14.29 MB, Private Usage: 1.63% | 111.36 MB (Limited to 50%)
2025-04-03 12:48:40 - CHROME: RAM usage (RSS): 0.33% | 22.87 MB, Working Set: 0.33% | 22.87 MB, Private Usage: 2.71% | 185.33 MB (Limited to 50%)
2025-04-03 12:48:45 - CHROME: RAM usage (RSS): 0.00% | 0.00 MB, Working Set: 0.00% | 0.00 MB, Private Usage: 2.03% | 138.76 MB (Limited to 50%)
2025-04-03 12:48:51 - CHROME: RAM usage (RSS): 0.00% | 0.00 MB, Working Set: 0.00% | 0.00 MB, Private Usage: 2.48% | 169.82 MB (Limited to 50%)
2025-04-03 12:48:57 - CHROME: RAM usage (RSS): 0.00% | 0.12 MB, Working Set: 0.00% | 0.12 MB, Private Usage: 2.48% | 169.82 MB (Limited to 50%)
2025-04-03 12:49:02 - CHROME: RAM usage (RSS): 0.00% | 0.00 MB, Working Set: 0.00% | 0.00 MB, Private Usage: 1.28% | 87.34 MB (Limited to 50%)
2025-04-03 12:49:08 - CHROME: RAM usage (RSS): 0.00% | 0.00 MB, Working Set: 0.00% | 0.00 MB, Private Usage: 1.63% | 111.45 MB (Limited to 50%)
2025-04-03 12:49:14 - CHROME: RAM usage (RSS): 0.39% | 26.68 MB, Working Set: 0.39% | 26.68 MB, Private Usage: 2.71% | 185.04 MB (Limited to 50%)
2025-04-03 12:49:20 - CHROME: RAM usage (RSS): 0.00% | 0.00 MB, Working Set: 0.00% | 0.00 MB, Private Usage: 2.02% | 138.26 MB (Limited to 50%)
2025-04-03 12:49:25 - CHROME: RAM usage (RSS): 0.00% | 0.00 MB, Working Set: 0.00% | 0.00 MB, Private Usage: 2.48% | 169.79 MB (Limited to 50%)
2025-04-03 12:49:31 - CHROME: RAM usage (RSS): 0.00% | 0.00 MB, Working Set: 0.00% | 0.00 MB, Private Usage: 0.37% | 25.52 MB (Limited to 50%)
2025-04-03 12:49:37 - CHROME: RAM usage (RSS): 0.00% | 0.00 MB, Working Set: 0.00% | 0.00 MB, Private Usage: 1.28% | 87.34 MB (Limited to 50%)
2025-04-03 12:49:42 - CHROME: RAM usage (RSS): 0.00% | 0.00 MB, Working Set: 0.00% | 0.00 MB, Private Usage: 1.62% | 111.11 MB (Limited to 50%)
2025-04-03 12:49:48 - CHROME: RAM usage (RSS): 0.00% | 0.00 MB, Working Set: 0.00% | 0.00 MB, Private Usage: 1.83% | 125.16 MB (Limited to 50%)
2025-04-03 12:49:54 - CHROME: RAM usage (RSS): 0.00% | 0.00 MB, Working Set: 0.00% | 0.00 MB, Private Usage: 2.03% | 138.55 MB (Limited to 50%)
2025-04-03 12:50:00 - CHROME: RAM usage (RSS): 0.00% | 0.00 MB, Working Set: 0.00% | 0.00 MB, Private Usage: 2.48% | 169.80 MB (Limited to 50%)
2025-04-03 12:50:05 - CHROME: RAM usage (RSS): 0.00% | 0.00 MB, Working Set: 0.00% | 0.00 MB, Private Usage: 1.28% | 87.25 MB (Limited to 50%)
2025-04-03 12:50:11 - CHROME: RAM usage (RSS): 0.00% | 0.00 MB, Working Set: 0.00% | 0.00 MB, Private Usage: 2.48% | 169.78 MB (Limited to 50%)
2025-04-03 12:50:17 - CHROME: RAM usage (RSS): 0.00% | 0.00 MB, Working Set: 0.00% | 0.00 MB, Private Usage: 1.62% | 111.11 MB (Limited to 50%)
2025-04-03 12:50:22 - CHROME: RAM usage (RSS): 0.00% | 0.00 MB, Working Set: 0.00% | 0.00 MB, Private Usage: 2.47% | 168.96 MB (Limited to 50%)
2025-04-03 12:50:28 - CHROME: RAM usage (RSS): 0.00% | 0.00 MB, Working Set: 0.00% | 0.00 MB, Private Usage: 2.03% | 138.65 MB (Limited to 50%)
2025-04-03 12:50:34 - CHROME: RAM usage (RSS): 0.00% | 0.00 MB, Working Set: 0.00% | 0.00 MB, Private Usage: 2.49% | 169.99 MB (Limited to 50%)
2025-04-03 12:50:39 - CHROME: RAM usage (RSS): 0.00% | 0.00 MB, Working Set: 0.00% | 0.00 MB, Private Usage: 0.37% | 25.62 MB (Limited to 50%)
2025-04-03 12:50:45 - CHROME: RAM usage (RSS): 0.00% | 0.00 MB, Working Set: 0.00% | 0.00 MB, Private Usage: 2.49% | 169.99 MB (Limited to 50%)
2025-04-03 12:50:51 - CHROME: RAM usage (RSS): 0.00% | 0.00 MB, Working Set: 0.00% | 0.00 MB, Private Usage: 1.63% | 111.38 MB (Limited to 50%)
2025-04-03 12:50:56 - CHROME: RAM usage (RSS): 0.00% | 0.00 MB, Working Set: 0.00% | 0.00 MB, Private Usage: 1.90% | 130.16 MB (Limited to 50%)
2025-04-03 12:51:02 - CHROME: RAM usage (RSS): 0.00% | 0.00 MB, Working Set: 0.00% | 0.00 MB, Private Usage: 2.10% | 143.38 MB (Limited to 50%)
2025-04-03 12:51:08 - CHROME: RAM usage (RSS): 0.00% | 0.00 MB, Working Set: 0.00% | 0.00 MB, Private Usage: 2.49% | 169.99 MB (Limited to 50%)
2025-04-03 12:51:13 - CHROME: RAM usage (RSS): 0.00% | 0.00 MB, Working Set: 0.00% | 0.00 MB, Private Usage: 0.38% | 26.01 MB (Limited to 50%)
2025-04-03 12:51:19 - CHROME: RAM usage (RSS): 0.00% | 0.00 MB, Working Set: 0.00% | 0.00 MB, Private Usage: 2.49% | 169.96 MB (Limited to 50%)
2025-04-03 12:51:25 - CHROME: RAM usage (RSS): 0.00% | 0.00 MB, Working Set: 0.00% | 0.00 MB, Private Usage: 1.70% | 116.23 MB (Limited to 50%)
2025-04-03 12:51:30 - CHROME: RAM usage (RSS): 0.00% | 0.00 MB, Working Set: 0.00% | 0.00 MB, Private Usage: 1.82% | 124.39 MB (Limited to 50%)
2025-04-03 12:51:36 - CHROME: RAM usage (RSS): 0.00% | 0.00 MB, Working Set: 0.00% | 0.00 MB, Private Usage: 2.03% | 138.90 MB (Limited to 50%)
2025-04-03 12:51:42 - CHROME: RAM usage (RSS): 0.00% | 0.00 MB, Working Set: 0.00% | 0.00 MB, Private Usage: 2.49% | 169.96 MB (Limited to 50%)
2025-04-03 12:51:48 - CHROME: RAM usage (RSS): 0.00% | 0.00 MB, Working Set: 0.00% | 0.00 MB, Private Usage: 1.28% | 87.34 MB (Limited to 50%)
2025-04-03 12:51:53 - CHROME: RAM usage (RSS): 0.00% | 0.00 MB, Working Set: 0.00% | 0.00 MB, Private Usage: 2.49% | 169.96 MB (Limited to 50%)
2025-04-03 12:51:59 - CHROME: RAM usage (RSS): 0.00% | 0.00 MB, Working Set: 0.00% | 0.00 MB, Private Usage: 1.63% | 111.34 MB (Limited to 50%)
2025-04-03 12:52:05 - CHROME: RAM usage (RSS): 0.00% | 0.10 MB, Working Set: 0.00% | 0.10 MB, Private Usage: 2.03% | 138.50 MB (Limited to 50%)
2025-04-03 12:52:10 - CHROME: RAM usage (RSS): 0.00% | 0.00 MB, Working Set: 0.00% | 0.00 MB, Private Usage: 2.49% | 169.95 MB (Limited to 50%)
2025-04-03 12:52:16 - CHROME: RAM usage (RSS): 0.00% | 0.00 MB, Working Set: 0.00% | 0.00 MB, Private Usage: 0.31% | 20.88 MB (Limited to 50%)
2025-04-03 12:52:22 - CHROME: RAM usage (RSS): 0.00% | 0.00 MB, Working Set: 0.00% | 0.00 MB, Private Usage: 2.49% | 170.02 MB (Limited to 50%)
2025-04-03 12:52:27 - CHROME: RAM usage (RSS): 0.00% | 0.00 MB, Working Set: 0.00% | 0.00 MB, Private Usage: 1.28% | 87.34 MB (Limited to 50%)
2025-04-03 12:52:33 - CHROME: RAM usage (RSS): 0.03% | 2.33 MB, Working Set: 0.03% | 2.33 MB, Private Usage: 2.54% | 173.60 MB (Limited to 50%)
2025-04-03 12:52:39 - CHROME: RAM usage (RSS): 0.00% | 0.00 MB, Working Set: 0.00% | 0.00 MB, Private Usage: 2.10% | 143.68 MB (Limited to 50%)
2025-04-03 12:52:45 - CHROME: RAM usage (RSS): 0.00% | 0.00 MB, Working Set: 0.00% | 0.00 MB, Private Usage: 2.49% | 170.01 MB (Limited to 50%)
2025-04-03 12:52:50 - CHROME: RAM usage (RSS): 0.00% | 0.00 MB, Working Set: 0.00% | 0.00 MB, Private Usage: 1.28% | 87.34 MB (Limited to 50%)
2025-04-03 12:52:56 - CHROME: RAM usage (RSS): 0.00% | 0.00 MB, Working Set: 0.00% | 0.00 MB, Private Usage: 2.49% | 170.01 MB (Limited to 50%)
2025-04-03 12:53:02 - CHROME: RAM usage (RSS): 0.00% | 0.00 MB, Working Set: 0.00% | 0.00 MB, Private Usage: 0.28% | 18.95 MB (Limited to 50%)
2025-04-03 12:53:07 - CHROME: RAM usage (RSS): 0.02% | 1.62 MB, Working Set: 0.02% | 1.62 MB, Private Usage: 2.54% | 173.60 MB (Limited to 50%)
2025-04-03 12:53:13 - CHROME: RAM usage (RSS): 0.00% | 0.00 MB, Working Set: 0.00% | 0.00 MB, Private Usage: 2.03% | 139.01 MB (Limited to 50%)
2025-04-03 12:53:19 - CHROME: RAM usage (RSS): 0.00% | 0.00 MB, Working Set: 0.00% | 0.00 MB, Private Usage: 0.38% | 26.09 MB (Limited to 50%)
2025-04-03 12:53:24 - CHROME: RAM usage (RSS): 0.00% | 0.00 MB, Working Set: 0.00% | 0.00 MB, Private Usage: 2.49% | 169.98 MB (Limited to 50%)
2025-04-03 12:53:30 - CHROME: RAM usage (RSS): 0.00% | 0.00 MB, Working Set: 0.00% | 0.00 MB, Private Usage: 1.28% | 87.34 MB (Limited to 50%)
2025-04-03 12:53:36 - CHROME: RAM usage (RSS): 0.00% | 0.23 MB, Working Set: 0.00% | 0.23 MB, Private Usage: 2.49% | 169.98 MB (Limited to 50%)
2025-04-03 12:53:42 - CHROME: RAM usage (RSS): 0.13% | 8.62 MB, Working Set: 0.13% | 8.62 MB, Private Usage: 1.80% | 123.18 MB (Limited to 50%)
2025-04-03 12:53:47 - CHROME: RAM usage (RSS): 0.00% | 0.00 MB, Working Set: 0.00% | 0.00 MB, Private Usage: 2.67% | 182.84 MB (Limited to 50%)
2025-04-03 12:53:53 - CHROME: RAM usage (RSS): 0.00% | 0.00 MB, Working Set: 0.00% | 0.00 MB, Private Usage: 2.49% | 169.98 MB (Limited to 50%)
2025-04-03 12:53:59 - CHROME: RAM usage (RSS): 0.00% | 0.00 MB, Working Set: 0.00% | 0.00 MB, Private Usage: 1.28% | 87.32 MB (Limited to 50%)
2025-04-03 12:54:04 - CHROME: RAM usage (RSS): 0.00% | 0.00 MB, Working Set: 0.00% | 0.00 MB, Private Usage: 2.49% | 169.98 MB (Limited to 50%)
2025-04-03 12:54:10 - CHROME: RAM usage (RSS): 0.00% | 0.00 MB, Working Set: 0.00% | 0.00 MB, Private Usage: 4.34% | 297.09 MB (Limited to 50%)
2025-04-03 12:54:16 - CHROME: RAM usage (RSS): 0.15% | 10.43 MB, Working Set: 0.15% | 10.43 MB, Private Usage: 1.77% | 120.82 MB (Limited to 50%)
2025-04-03 12:54:22 - CHROME: RAM usage (RSS): 0.00% | 0.00 MB, Working Set: 0.00% | 0.00 MB, Private Usage: 2.04% | 139.66 MB (Limited to 50%)
2025-04-03 12:54:27 - CHROME: RAM usage (RSS): 0.00% | 0.00 MB, Working Set: 0.00% | 0.00 MB, Private Usage: 2.49% | 170.04 MB (Limited to 50%)
2025-04-03 12:54:33 - CHROME: RAM usage (RSS): 0.00% | 0.00 MB, Working Set: 0.00% | 0.00 MB, Private Usage: 0.31% | 21.41 MB (Limited to 50%)
2025-04-03 12:54:39 - CHROME: RAM usage (RSS): 0.00% | 0.00 MB, Working Set: 0.00% | 0.00 MB, Private Usage: 1.28% | 87.34 MB (Limited to 50%)
2025-04-03 12:54:44 - CHROME: RAM usage (RSS): 0.00% | 0.00 MB, Working Set: 0.00% | 0.00 MB, Private Usage: 2.49% | 170.04 MB (Limited to 50%)
2025-04-03 12:54:50 - CHROME: RAM usage (RSS): 0.30% | 20.86 MB, Working Set: 0.30% | 20.86 MB, Private Usage: 2.11% | 144.27 MB (Limited to 50%)
2025-04-03 12:54:56 - CHROME: RAM usage (RSS): 0.00% | 0.00 MB, Working Set: 0.00% | 0.00 MB, Private Usage: 2.11% | 144.11 MB (Limited to 50%)
2025-04-03 12:55:01 - CHROME: RAM usage (RSS): 0.00% | 0.00 MB, Working Set: 0.00% | 0.00 MB, Private Usage: 2.49% | 170.04 MB (Limited to 50%)
2025-04-03 12:55:07 - CHROME: RAM usage (RSS): 0.00% | 0.00 MB, Working Set: 0.00% | 0.00 MB, Private Usage: 1.28% | 87.24 MB (Limited to 50%)
2025-04-03 12:55:13 - CHROME: RAM usage (RSS): 0.00% | 0.00 MB, Working Set: 0.00% | 0.00 MB, Private Usage: 0.31% | 20.86 MB (Limited to 50%)
2025-04-03 12:55:18 - CHROME: RAM usage (RSS): 0.00% | 0.00 MB, Working Set: 0.00% | 0.00 MB, Private Usage: 2.49% | 170.00 MB (Limited to 50%)
2025-04-03 12:55:24 - CHROME: RAM usage (RSS): 0.23% | 15.43 MB, Working Set: 0.23% | 15.43 MB, Private Usage: 1.93% | 132.09 MB (Limited to 50%)
2025-04-03 12:55:30 - CHROME: RAM usage (RSS): 0.00% | 0.00 MB, Working Set: 0.00% | 0.00 MB, Private Usage: 2.03% | 138.84 MB (Limited to 50%)
2025-04-03 12:55:36 - CHROME: RAM usage (RSS): 0.00% | 0.00 MB, Working Set: 0.00% | 0.00 MB, Private Usage: 2.49% | 170.00 MB (Limited to 50%)
2025-04-03 12:55:41 - CHROME: RAM usage (RSS): 0.02% | 1.16 MB, Working Set: 0.02% | 1.16 MB, Private Usage: 1.28% | 87.34 MB (Limited to 50%)
2025-04-03 12:55:47 - CHROME: RAM usage (RSS): 0.00% | 0.00 MB, Working Set: 0.00% | 0.00 MB, Private Usage: 2.49% | 170.00 MB (Limited to 50%)
2025-04-03 12:55:53 - CHROME: RAM usage (RSS): 0.00% | 0.00 MB, Working Set: 0.00% | 0.00 MB, Private Usage: 4.34% | 297.09 MB (Limited to 50%)
2025-04-03 12:55:58 - CHROME: RAM usage (RSS): 0.17% | 11.41 MB, Working Set: 0.17% | 11.41 MB, Private Usage: 2.17% | 148.47 MB (Limited to 50%)
2025-04-03 12:56:04 - CHROME: RAM usage (RSS): 0.00% | 0.00 MB, Working Set: 0.00% | 0.00 MB, Private Usage: 2.11% | 144.17 MB (Limited to 50%)
2025-04-03 12:56:10 - CHROME: RAM usage (RSS): 0.00% | 0.00 MB, Working Set: 0.00% | 0.00 MB, Private Usage: 2.49% | 170.05 MB (Limited to 50%)
2025-04-03 12:56:15 - CHROME: RAM usage (RSS): 0.00% | 0.00 MB, Working Set: 0.00% | 0.00 MB, Private Usage: 0.38% | 26.06 MB (Limited to 50%)
2025-04-03 12:56:21 - CHROME: RAM usage (RSS): 0.00% | 0.00 MB, Working Set: 0.00% | 0.00 MB, Private Usage: 2.49% | 170.12 MB (Limited to 50%)
2025-04-03 12:56:27 - CHROME: RAM usage (RSS): 0.00% | 0.00 MB, Working Set: 0.00% | 0.00 MB, Private Usage: 1.28% | 87.34 MB (Limited to 50%)
2025-04-03 12:56:33 - CHROME: RAM usage (RSS): 0.24% | 16.35 MB, Working Set: 0.24% | 16.35 MB, Private Usage: 2.11% | 144.61 MB (Limited to 50%)
2025-04-03 12:56:38 - CHROME: RAM usage (RSS): 0.00% | 0.00 MB, Working Set: 0.00% | 0.00 MB, Private Usage: 2.03% | 139.05 MB (Limited to 50%)
2025-04-03 12:56:44 - CHROME: RAM usage (RSS): 0.00% | 0.00 MB, Working Set: 0.00% | 0.00 MB, Private Usage: 2.49% | 170.11 MB (Limited to 50%)
2025-04-03 12:56:50 - CHROME: RAM usage (RSS): 0.00% | 0.00 MB, Working Set: 0.00% | 0.00 MB, Private Usage: 1.28% | 87.34 MB (Limited to 50%)
2025-04-03 12:56:55 - CHROME: RAM usage (RSS): 0.00% | 0.00 MB, Working Set: 0.00% | 0.00 MB, Private Usage: 2.49% | 170.11 MB (Limited to 50%)
2025-04-03 12:57:01 - CHROME: RAM usage (RSS): 0.00% | 0.00 MB, Working Set: 0.00% | 0.00 MB, Private Usage: 4.34% | 297.09 MB (Limited to 50%)
2025-04-03 12:57:07 - CHROME: RAM usage (RSS): 0.24% | 16.09 MB, Working Set: 0.24% | 16.09 MB, Private Usage: 2.34% | 159.88 MB (Limited to 50%)
2025-04-03 12:57:12 - CHROME: RAM usage (RSS): 0.00% | 0.00 MB, Working Set: 0.00% | 0.00 MB, Private Usage: 2.03% | 138.86 MB (Limited to 50%)
2025-04-03 12:57:18 - CHROME: RAM usage (RSS): 0.04% | 3.01 MB, Working Set: 0.04% | 3.01 MB, Private Usage: 2.49% | 170.07 MB (Limited to 50%)
2025-04-03 12:57:24 - CHROME: RAM usage (RSS): 0.00% | 0.00 MB, Working Set: 0.00% | 0.00 MB, Private Usage: 0.37% | 25.53 MB (Limited to 50%)
2025-04-03 12:57:29 - CHROME: RAM usage (RSS): 0.00% | 0.00 MB, Working Set: 0.00% | 0.00 MB, Private Usage: 1.28% | 87.34 MB (Limited to 50%)
2025-04-03 12:57:35 - CHROME: RAM usage (RSS): 0.00% | 0.00 MB, Working Set: 0.00% | 0.00 MB, Private Usage: 2.49% | 170.07 MB (Limited to 50%)
2025-04-03 12:57:41 - CHROME: RAM usage (RSS): 0.18% | 11.98 MB, Working Set: 0.18% | 11.98 MB, Private Usage: 2.63% | 180.04 MB (Limited to 50%)
2025-04-03 12:57:46 - CHROME: RAM usage (RSS): 0.00% | 0.00 MB, Working Set: 0.00% | 0.00 MB, Private Usage: 2.04% | 139.34 MB (Limited to 50%)
2025-04-03 12:57:52 - CHROME: RAM usage (RSS): 0.00% | 0.00 MB, Working Set: 0.00% | 0.00 MB, Private Usage: 2.49% | 170.07 MB (Limited to 50%)
2025-04-03 12:57:58 - CHROME: RAM usage (RSS): 0.00% | 0.00 MB, Working Set: 0.00% | 0.00 MB, Private Usage: 1.28% | 87.34 MB (Limited to 50%)
2025-04-03 12:58:03 - CHROME: RAM usage (RSS): 0.00% | 0.00 MB, Working Set: 0.00% | 0.00 MB, Private Usage: 2.49% | 170.07 MB (Limited to 50%)
2025-04-03 12:58:09 - CHROME: RAM usage (RSS): 0.00% | 0.00 MB, Working Set: 0.00% | 0.00 MB, Private Usage: 4.34% | 297.09 MB (Limited to 50%)
2025-04-03 12:58:15 - CHROME: RAM usage (RSS): 0.29% | 19.49 MB, Working Set: 0.29% | 19.49 MB, Private Usage: 2.67% | 182.89 MB (Limited to 50%)
2025-04-03 12:58:21 - CHROME: RAM usage (RSS): 0.00% | 0.00 MB, Working Set: 0.00% | 0.00 MB, Private Usage: 2.07% | 141.54 MB (Limited to 50%)
2025-04-03 12:58:27 - CHROME: RAM usage (RSS): 0.00% | 0.16 MB, Working Set: 0.00% | 0.16 MB, Private Usage: 2.49% | 170.14 MB (Limited to 50%)
2025-04-03 12:58:32 - CHROME: RAM usage (RSS): 0.00% | 0.00 MB, Working Set: 0.00% | 0.00 MB, Private Usage: 0.31% | 21.41 MB (Limited to 50%)
2025-04-03 12:58:38 - CHROME: RAM usage (RSS): 0.00% | 0.00 MB, Working Set: 0.00% | 0.00 MB, Private Usage: 1.28% | 87.34 MB (Limited to 50%)
2025-04-03 12:58:44 - CHROME: RAM usage (RSS): 0.00% | 0.00 MB, Working Set: 0.00% | 0.00 MB, Private Usage: 1.69% | 115.66 MB (Limited to 50%)
2025-04-03 12:58:49 - CHROME: RAM usage (RSS): 0.29% | 19.53 MB, Working Set: 0.29% | 19.53 MB, Private Usage: 2.58% | 176.36 MB (Limited to 50%)
2025-04-03 12:58:55 - CHROME: RAM usage (RSS): 0.00% | 0.00 MB, Working Set: 0.00% | 0.00 MB, Private Usage: 2.11% | 144.10 MB (Limited to 50%)
2025-04-03 12:59:01 - CHROME: RAM usage (RSS): 0.00% | 0.00 MB, Working Set: 0.00% | 0.00 MB, Private Usage: 2.49% | 170.14 MB (Limited to 50%)
2025-04-03 12:59:07 - CHROME: RAM usage (RSS): 0.00% | 0.00 MB, Working Set: 0.00% | 0.00 MB, Private Usage: 1.28% | 87.23 MB (Limited to 50%)
2025-04-03 12:59:12 - CHROME: RAM usage (RSS): 0.00% | 0.00 MB, Working Set: 0.00% | 0.00 MB, Private Usage: 0.31% | 20.86 MB (Limited to 50%)
2025-04-03 12:59:18 - CHROME: RAM usage (RSS): 0.13% | 9.04 MB, Working Set: 0.13% | 9.04 MB, Private Usage: 1.70% | 116.32 MB (Limited to 50%)
2025-04-03 12:59:24 - CHROME: RAM usage (RSS): 0.09% | 6.27 MB, Working Set: 0.09% | 6.27 MB, Private Usage: 2.53% | 173.02 MB (Limited to 50%)
2025-04-03 12:59:29 - CHROME: RAM usage (RSS): 0.00% | 0.00 MB, Working Set: 0.00% | 0.00 MB, Private Usage: 2.04% | 139.19 MB (Limited to 50%)
2025-04-03 12:59:35 - CHROME: RAM usage (RSS): 0.00% | 0.00 MB, Working Set: 0.00% | 0.00 MB, Private Usage: 2.49% | 170.10 MB (Limited to 50%)
2025-04-03 12:59:41 - CHROME: RAM usage (RSS): 0.00% | 0.00 MB, Working Set: 0.00% | 0.00 MB, Private Usage: 1.28% | 87.34 MB (Limited to 50%)
2025-04-03 12:59:46 - CHROME: RAM usage (RSS): 0.00% | 0.00 MB, Working Set: 0.00% | 0.00 MB, Private Usage: 2.49% | 170.09 MB (Limited to 50%)
2025-04-03 12:59:52 - CHROME: RAM usage (RSS): 0.00% | 0.00 MB, Working Set: 0.00% | 0.00 MB, Private Usage: 1.62% | 111.05 MB (Limited to 50%)
2025-04-03 12:59:58 - CHROME: RAM usage (RSS): 0.00% | 0.00 MB, Working Set: 0.00% | 0.00 MB, Private Usage: 1.89% | 129.51 MB (Limited to 50%)
2025-04-03 13:00:04 - CHROME: RAM usage (RSS): 0.00% | 0.00 MB, Working Set: 0.00% | 0.00 MB, Private Usage: 2.11% | 144.20 MB (Limited to 50%)
2025-04-03 13:00:09 - CHROME: RAM usage (RSS): 0.00% | 0.00 MB, Working Set: 0.00% | 0.00 MB, Private Usage: 2.49% | 170.10 MB (Limited to 50%)
2025-04-03 13:00:15 - CHROME: RAM usage (RSS): 0.00% | 0.00 MB, Working Set: 0.00% | 0.00 MB, Private Usage: 0.38% | 26.04 MB (Limited to 50%)
2025-04-03 13:00:21 - CHROME: RAM usage (RSS): 0.00% | 0.00 MB, Working Set: 0.00% | 0.00 MB, Private Usage: 2.49% | 170.32 MB (Limited to 50%)
2025-04-03 13:00:27 - CHROME: RAM usage (RSS): 0.00% | 0.00 MB, Working Set: 0.00% | 0.00 MB, Private Usage: 1.70% | 116.25 MB (Limited to 50%)
2025-04-03 13:00:32 - CHROME: RAM usage (RSS): 0.00% | 0.00 MB, Working Set: 0.00% | 0.00 MB, Private Usage: 1.90% | 129.79 MB (Limited to 50%)
2025-04-03 13:00:38 - CHROME: RAM usage (RSS): 0.00% | 0.00 MB, Working Set: 0.00% | 0.00 MB, Private Usage: 2.10% | 143.34 MB (Limited to 50%)
2025-04-03 13:00:44 - CHROME: RAM usage (RSS): 0.01% | 0.58 MB, Working Set: 0.01% | 0.58 MB, Private Usage: 2.49% | 170.19 MB (Limited to 50%)
2025-04-03 13:00:49 - CHROME: RAM usage (RSS): 0.00% | 0.00 MB, Working Set: 0.00% | 0.00 MB, Private Usage: 1.28% | 87.34 MB (Limited to 50%)
2025-04-03 13:00:55 - CHROME: RAM usage (RSS): 0.00% | 0.00 MB, Working Set: 0.00% | 0.00 MB, Private Usage: 2.49% | 170.19 MB (Limited to 50%)
2025-04-03 13:01:01 - CHROME: RAM usage (RSS): 0.00% | 0.00 MB, Working Set: 0.00% | 0.00 MB, Private Usage: 1.70% | 116.38 MB (Limited to 50%)
2025-04-03 13:01:06 - CHROME: RAM usage (RSS): 0.00% | 0.00 MB, Working Set: 0.00% | 0.00 MB, Private Usage: 1.82% | 124.15 MB (Limited to 50%)
2025-04-03 13:01:12 - CHROME: RAM usage (RSS): 0.00% | 0.00 MB, Working Set: 0.00% | 0.00 MB, Private Usage: 2.03% | 138.49 MB (Limited to 50%)
2025-04-03 13:01:18 - CHROME: RAM usage (RSS): 0.00% | 0.00 MB, Working Set: 0.00% | 0.00 MB, Private Usage: 2.49% | 170.15 MB (Limited to 50%)
2025-04-03 13:01:24 - CHROME: RAM usage (RSS): 0.00% | 0.00 MB, Working Set: 0.00% | 0.00 MB, Private Usage: 0.30% | 20.39 MB (Limited to 50%)
2025-04-03 13:01:29 - CHROME: RAM usage (RSS): 0.00% | 0.00 MB, Working Set: 0.00% | 0.00 MB, Private Usage: 1.28% | 87.34 MB (Limited to 50%)
2025-04-03 13:01:35 - CHROME: RAM usage (RSS): 0.00% | 0.00 MB, Working Set: 0.00% | 0.00 MB, Private Usage: 1.62% | 111.11 MB (Limited to 50%)
2025-04-03 13:01:41 - CHROME: RAM usage (RSS): 0.00% | 0.00 MB, Working Set: 0.00% | 0.00 MB, Private Usage: 2.10% | 143.78 MB (Limited to 50%)
2025-04-03 13:01:47 - CHROME: RAM usage (RSS): 0.01% | 0.65 MB, Working Set: 0.01% | 0.65 MB, Private Usage: 2.49% | 170.15 MB (Limited to 50%)
2025-04-03 13:01:52 - CHROME: RAM usage (RSS): 0.00% | 0.00 MB, Working Set: 0.00% | 0.00 MB, Private Usage: 1.28% | 87.34 MB (Limited to 50%)
2025-04-03 13:01:58 - CHROME: RAM usage (RSS): 0.00% | 0.00 MB, Working Set: 0.00% | 0.00 MB, Private Usage: 2.49% | 170.15 MB (Limited to 50%)
2025-04-03 13:02:04 - CHROME: RAM usage (RSS): 0.00% | 0.00 MB, Working Set: 0.00% | 0.00 MB, Private Usage: 4.34% | 297.09 MB (Limited to 50%)
2025-04-03 13:02:09 - CHROME: RAM usage (RSS): 0.00% | 0.00 MB, Working Set: 0.00% | 0.00 MB, Private Usage: 2.54% | 173.74 MB (Limited to 50%)
2025-04-03 13:02:15 - CHROME: RAM usage (RSS): 0.00% | 0.00 MB, Working Set: 0.00% | 0.00 MB, Private Usage: 2.00% | 136.71 MB (Limited to 50%)
2025-04-03 13:02:21 - CHROME: RAM usage (RSS): 0.00% | 0.00 MB, Working Set: 0.00% | 0.00 MB, Private Usage: 2.49% | 170.52 MB (Limited to 50%)
2025-04-03 13:02:27 - CHROME: RAM usage (RSS): 0.00% | 0.00 MB, Working Set: 0.00% | 0.00 MB, Private Usage: 0.37% | 25.51 MB (Limited to 50%)
2025-04-03 13:02:32 - CHROME: RAM usage (RSS): 0.00% | 0.00 MB, Working Set: 0.00% | 0.00 MB, Private Usage: 3.49% | 238.40 MB (Limited to 50%)
2025-04-03 13:02:38 - CHROME: RAM usage (RSS): 0.00% | 0.00 MB, Working Set: 0.00% | 0.00 MB, Private Usage: 0.28% | 18.96 MB (Limited to 50%)
2025-04-03 13:02:44 - CHROME: RAM usage (RSS): 0.00% | 0.00 MB, Working Set: 0.00% | 0.00 MB, Private Usage: 1.62% | 110.70 MB (Limited to 50%)
2025-04-03 13:02:49 - CHROME: RAM usage (RSS): 0.00% | 0.00 MB, Working Set: 0.00% | 0.00 MB, Private Usage: 2.49% | 170.18 MB (Limited to 50%)
2025-04-03 13:02:55 - CHROME: RAM usage (RSS): 0.00% | 0.00 MB, Working Set: 0.00% | 0.00 MB, Private Usage: 2.07% | 141.23 MB (Limited to 50%)
2025-04-03 13:03:01 - CHROME: RAM usage (RSS): 0.00% | 0.00 MB, Working Set: 0.00% | 0.00 MB, Private Usage: 2.49% | 170.19 MB (Limited to 50%)
2025-04-03 13:03:07 - CHROME: RAM usage (RSS): 0.00% | 0.00 MB, Working Set: 0.00% | 0.00 MB, Private Usage: 1.28% | 87.32 MB (Limited to 50%)
2025-04-03 13:03:12 - CHROME: RAM usage (RSS): 0.00% | 0.00 MB, Working Set: 0.00% | 0.00 MB, Private Usage: 0.32% | 21.89 MB (Limited to 50%)
2025-04-03 13:03:18 - CHROME: RAM usage (RSS): 0.00% | 0.00 MB, Working Set: 0.00% | 0.00 MB, Private Usage: 2.49% | 170.36 MB (Limited to 50%)
2025-04-03 13:03:24 - CHROME: RAM usage (RSS): 0.11% | 7.71 MB, Working Set: 0.11% | 7.71 MB, Private Usage: 1.89% | 128.94 MB (Limited to 50%)
2025-04-03 13:03:29 - CHROME: RAM usage (RSS): 0.00% | 0.00 MB, Working Set: 0.00% | 0.00 MB, Private Usage: 2.03% | 138.70 MB (Limited to 50%)
2025-04-03 13:03:35 - CHROME: RAM usage (RSS): 0.00% | 0.00 MB, Working Set: 0.00% | 0.00 MB, Private Usage: 2.49% | 170.15 MB (Limited to 50%)
2025-04-03 13:03:41 - CHROME: RAM usage (RSS): 0.00% | 0.00 MB, Working Set: 0.00% | 0.00 MB, Private Usage: 1.28% | 87.34 MB (Limited to 50%)
2025-04-03 13:03:46 - CHROME: RAM usage (RSS): 0.00% | 0.00 MB, Working Set: 0.00% | 0.00 MB, Private Usage: 2.49% | 170.15 MB (Limited to 50%)
2025-04-03 13:03:52 - CHROME: RAM usage (RSS): 0.00% | 0.00 MB, Working Set: 0.00% | 0.00 MB, Private Usage: 2.98% | 203.75 MB (Limited to 50%)
2025-04-03 13:03:58 - CHROME: RAM usage (RSS): 0.20% | 13.64 MB, Working Set: 0.20% | 13.64 MB, Private Usage: 2.02% | 137.99 MB (Limited to 50%)
2025-04-03 13:04:04 - CHROME: RAM usage (RSS): 0.00% | 0.00 MB, Working Set: 0.00% | 0.00 MB, Private Usage: 2.10% | 143.57 MB (Limited to 50%)
2025-04-03 13:04:09 - CHROME: RAM usage (RSS): 0.00% | 0.00 MB, Working Set: 0.00% | 0.00 MB, Private Usage: 2.49% | 170.15 MB (Limited to 50%)
2025-04-03 13:04:15 - CHROME: RAM usage (RSS): 0.00% | 0.00 MB, Working Set: 0.00% | 0.00 MB, Private Usage: 0.38% | 26.05 MB (Limited to 50%)
2025-04-03 13:04:21 - CHROME: RAM usage (RSS): 0.04% | 2.67 MB, Working Set: 0.04% | 2.67 MB, Private Usage: 2.49% | 170.21 MB (Limited to 50%)
2025-04-03 13:04:26 - CHROME: RAM usage (RSS): 0.00% | 0.00 MB, Working Set: 0.00% | 0.00 MB, Private Usage: 1.28% | 87.34 MB (Limited to 50%)
2025-04-03 13:04:33 - CHROME: RAM usage (RSS): 0.23% | 16.05 MB, Working Set: 0.23% | 16.05 MB, Private Usage: 2.21% | 151.11 MB (Limited to 50%)
2025-04-03 13:04:39 - CHROME: RAM usage (RSS): 0.00% | 0.00 MB, Working Set: 0.00% | 0.00 MB, Private Usage: 2.09% | 142.71 MB (Limited to 50%)
2025-04-03 13:04:44 - CHROME: RAM usage (RSS): 0.03% | 1.98 MB, Working Set: 0.03% | 1.98 MB, Private Usage: 3.56% | 243.23 MB (Limited to 50%)
2025-04-03 13:04:50 - CHROME: RAM usage (RSS): 0.10% | 6.80 MB, Working Set: 0.10% | 6.80 MB, Private Usage: 3.51% | 240.14 MB (Limited to 50%)
2025-04-03 13:04:56 - CHROME: RAM usage (RSS): 0.00% | 0.00 MB, Working Set: 0.00% | 0.00 MB, Private Usage: 1.04% | 71.22 MB (Limited to 50%)
2025-04-03 13:05:02 - CHROME: RAM usage (RSS): 0.00% | 0.09 MB, Working Set: 0.00% | 0.09 MB, Private Usage: 3.51% | 240.26 MB (Limited to 50%)
2025-04-03 13:05:07 - CHROME: RAM usage (RSS): 0.10% | 6.62 MB, Working Set: 0.10% | 6.62 MB, Private Usage: 3.52% | 240.47 MB (Limited to 50%)
2025-04-03 13:05:13 - CHROME: RAM usage (RSS): 0.00% | 0.00 MB, Working Set: 0.00% | 0.00 MB, Private Usage: 3.52% | 240.57 MB (Limited to 50%)
2025-04-03 13:05:19 - CHROME: RAM usage (RSS): 0.13% | 8.68 MB, Working Set: 0.13% | 8.68 MB, Private Usage: 3.58% | 245.00 MB (Limited to 50%)
2025-04-03 13:05:25 - CHROME: RAM usage (RSS): 0.06% | 3.76 MB, Working Set: 0.06% | 3.76 MB, Private Usage: 3.57% | 244.39 MB (Limited to 50%)
2025-04-03 13:05:31 - CHROME: RAM usage (RSS): 0.00% | 0.00 MB, Working Set: 0.00% | 0.00 MB, Private Usage: 3.55% | 242.50 MB (Limited to 50%)
2025-04-03 13:05:36 - CHROME: RAM usage (RSS): 0.00% | 0.00 MB, Working Set: 0.00% | 0.00 MB, Private Usage: 2.47% | 168.95 MB (Limited to 50%)
2025-04-03 13:05:42 - CHROME: RAM usage (RSS): 0.03% | 1.88 MB, Working Set: 0.03% | 1.88 MB, Private Usage: 1.82% | 124.36 MB (Limited to 50%)
2025-04-03 13:05:48 - CHROME: RAM usage (RSS): 0.34% | 22.96 MB, Working Set: 0.34% | 22.96 MB, Private Usage: 4.76% | 325.27 MB (Limited to 50%)
2025-04-03 13:05:55 - CHROME: RAM usage (RSS): 0.80% | 54.62 MB, Working Set: 0.80% | 54.62 MB, Private Usage: 7.80% | 533.79 MB (Limited to 50%)
2025-04-03 13:06:01 - CHROME: RAM usage (RSS): 0.34% | 23.13 MB, Working Set: 0.34% | 23.13 MB, Private Usage: 12.19% | 833.91 MB (Limited to 50%)
2025-04-03 13:06:07 - CHROME: RAM usage (RSS): 0.32% | 21.87 MB, Working Set: 0.32% | 21.87 MB, Private Usage: 12.68% | 866.96 MB (Limited to 50%)
2025-04-03 13:06:12 - CHROME: RAM usage (RSS): 0.00% | 0.00 MB, Working Set: 0.00% | 0.00 MB, Private Usage: 3.57% | 243.82 MB (Limited to 50%)
2025-04-03 13:06:18 - CHROME: RAM usage (RSS): 0.20% | 13.94 MB, Working Set: 0.20% | 13.94 MB, Private Usage: 7.96% | 544.49 MB (Limited to 50%)
2025-04-03 13:06:24 - CHROME: RAM usage (RSS): 0.04% | 2.43 MB, Working Set: 0.04% | 2.43 MB, Private Usage: 8.41% | 575.49 MB (Limited to 50%)
2025-04-03 13:06:31 - CHROME: RAM usage (RSS): 0.36% | 24.48 MB, Working Set: 0.36% | 24.48 MB, Private Usage: 12.28% | 839.57 MB (Limited to 50%)
2025-04-03 13:06:36 - CHROME: RAM usage (RSS): 0.53% | 36.39 MB, Working Set: 0.53% | 36.39 MB, Private Usage: 12.81% | 875.81 MB (Limited to 50%)
2025-04-03 13:06:43 - CHROME: RAM usage (RSS): 0.67% | 45.86 MB, Working Set: 0.67% | 45.86 MB, Private Usage: 12.74% | 871.27 MB (Limited to 50%)
2025-04-03 13:06:49 - CHROME: RAM usage (RSS): 0.79% | 53.85 MB, Working Set: 0.79% | 53.85 MB, Private Usage: 12.84% | 877.98 MB (Limited to 50%)
2025-04-03 13:06:54 - CHROME: RAM usage (RSS): 0.00% | 0.00 MB, Working Set: 0.00% | 0.00 MB, Private Usage: 13.26% | 906.90 MB (Limited to 50%)
2025-04-03 13:07:00 - CHROME: RAM usage (RSS): 0.00% | 0.00 MB, Working Set: 0.00% | 0.00 MB, Private Usage: 13.09% | 895.52 MB (Limited to 50%)
2025-04-03 13:07:06 - CHROME: RAM usage (RSS): 0.00% | 0.00 MB, Working Set: 0.00% | 0.00 MB, Private Usage: 2.55% | 174.27 MB (Limited to 50%)
2025-04-03 13:07:12 - CHROME: RAM usage (RSS): 0.06% | 4.12 MB, Working Set: 0.06% | 4.12 MB, Private Usage: 10.83% | 740.91 MB (Limited to 50%)
2025-04-03 13:07:17 - CHROME: RAM usage (RSS): 0.00% | 0.00 MB, Working Set: 0.00% | 0.00 MB, Private Usage: 1.02% | 70.08 MB (Limited to 50%)
2025-04-03 13:07:23 - CHROME: RAM usage (RSS): 0.00% | 0.00 MB, Working Set: 0.00% | 0.00 MB, Private Usage: 10.39% | 710.36 MB (Limited to 50%)
2025-04-03 13:07:29 - CHROME: RAM usage (RSS): 0.00% | 0.00 MB, Working Set: 0.00% | 0.00 MB, Private Usage: 10.42% | 712.73 MB (Limited to 50%)
2025-04-03 13:07:35 - CHROME: RAM usage (RSS): 0.00% | 0.00 MB, Working Set: 0.00% | 0.00 MB, Private Usage: 2.91% | 199.23 MB (Limited to 50%)
2025-04-03 13:07:40 - CHROME: RAM usage (RSS): 0.00% | 0.00 MB, Working Set: 0.00% | 0.00 MB, Private Usage: 2.25% | 153.59 MB (Limited to 50%)
2025-04-03 13:07:46 - CHROME: RAM usage (RSS): 0.00% | 0.00 MB, Working Set: 0.00% | 0.00 MB, Private Usage: 10.54% | 721.05 MB (Limited to 50%)
2025-04-03 13:07:52 - CHROME: RAM usage (RSS): 0.03% | 2.14 MB, Working Set: 0.03% | 2.14 MB, Private Usage: 10.54% | 720.79 MB (Limited to 50%)
2025-04-03 13:07:58 - CHROME: RAM usage (RSS): 0.00% | 0.03 MB, Working Set: 0.00% | 0.03 MB, Private Usage: 10.47% | 716.39 MB (Limited to 50%)
2025-04-03 13:08:04 - CHROME: RAM usage (RSS): 0.00% | 0.00 MB, Working Set: 0.00% | 0.00 MB, Private Usage: 1.09% | 74.77 MB (Limited to 50%)
2025-04-03 13:08:10 - CHROME: RAM usage (RSS): 0.05% | 3.66 MB, Working Set: 0.05% | 3.66 MB, Private Usage: 2.54% | 173.80 MB (Limited to 50%)
2025-04-03 13:08:15 - CHROME: RAM usage (RSS): 0.00% | 0.00 MB, Working Set: 0.00% | 0.00 MB, Private Usage: 1.81% | 123.94 MB (Limited to 50%)
2025-04-03 13:08:21 - CHROME: RAM usage (RSS): 0.00% | 0.00 MB, Working Set: 0.00% | 0.00 MB, Private Usage: 10.40% | 711.24 MB (Limited to 50%)
2025-04-03 13:08:27 - CHROME: RAM usage (RSS): 0.01% | 0.89 MB, Working Set: 0.01% | 0.89 MB, Private Usage: 10.53% | 720.47 MB (Limited to 50%)
2025-04-03 13:08:33 - CHROME: RAM usage (RSS): 0.05% | 3.52 MB, Working Set: 0.05% | 3.52 MB, Private Usage: 10.60% | 725.22 MB (Limited to 50%)
2025-04-03 13:08:39 - CHROME: RAM usage (RSS): 0.02% | 1.67 MB, Working Set: 0.02% | 1.67 MB, Private Usage: 10.48% | 716.85 MB (Limited to 50%)
2025-04-03 13:08:45 - CHROME: RAM usage (RSS): 0.37% | 25.63 MB, Working Set: 0.37% | 25.63 MB, Private Usage: 2.81% | 192.20 MB (Limited to 50%)
2025-04-03 13:08:51 - CHROME: RAM usage (RSS): 0.00% | 0.00 MB, Working Set: 0.00% | 0.00 MB, Private Usage: 3.10% | 212.20 MB (Limited to 50%)
2025-04-03 13:08:57 - CHROME: RAM usage (RSS): 0.08% | 5.25 MB, Working Set: 0.08% | 5.25 MB, Private Usage: 4.33% | 296.04 MB (Limited to 50%)
2025-04-03 13:09:02 - CHROME: RAM usage (RSS): 0.00% | 0.00 MB, Working Set: 0.00% | 0.00 MB, Private Usage: 3.99% | 272.74 MB (Limited to 50%)
2025-04-03 13:09:08 - CHROME: RAM usage (RSS): 0.00% | 0.00 MB, Working Set: 0.00% | 0.00 MB, Private Usage: 1.55% | 106.14 MB (Limited to 50%)
2025-04-03 13:09:14 - CHROME: RAM usage (RSS): 0.00% | 0.00 MB, Working Set: 0.00% | 0.00 MB, Private Usage: 3.48% | 237.68 MB (Limited to 50%)
2025-04-03 13:09:20 - CHROME: RAM usage (RSS): 0.00% | 0.00 MB, Working Set: 0.00% | 0.00 MB, Private Usage: 3.77% | 257.87 MB (Limited to 50%)
2025-04-03 13:09:25 - CHROME: RAM usage (RSS): 0.00% | 0.00 MB, Working Set: 0.00% | 0.00 MB, Private Usage: 10.43% | 713.02 MB (Limited to 50%)
2025-04-03 13:09:31 - CHROME: RAM usage (RSS): 0.00% | 0.00 MB, Working Set: 0.00% | 0.00 MB, Private Usage: 2.55% | 174.52 MB (Limited to 50%)
2025-04-03 13:09:37 - CHROME: RAM usage (RSS): 0.51% | 34.56 MB, Working Set: 0.51% | 34.56 MB, Private Usage: 3.88% | 265.54 MB (Limited to 50%)
2025-04-03 13:09:43 - CHROME: RAM usage (RSS): 0.10% | 7.13 MB, Working Set: 0.10% | 7.13 MB, Private Usage: 3.83% | 262.04 MB (Limited to 50%)
2025-04-03 13:09:49 - CHROME: RAM usage (RSS): 0.00% | 0.00 MB, Working Set: 0.00% | 0.00 MB, Private Usage: 10.42% | 712.45 MB (Limited to 50%)
2025-04-03 13:09:55 - CHROME: RAM usage (RSS): 0.08% | 5.68 MB, Working Set: 0.08% | 5.68 MB, Private Usage: 1.81% | 123.57 MB (Limited to 50%)
2025-04-03 13:10:00 - CHROME: RAM usage (RSS): 0.28% | 19.45 MB, Working Set: 0.28% | 19.45 MB, Private Usage: 2.82% | 192.96 MB (Limited to 50%)
2025-04-03 13:10:07 - CHROME: RAM usage (RSS): 0.00% | 0.00 MB, Working Set: 0.00% | 0.00 MB, Private Usage: 3.00% | 205.26 MB (Limited to 50%)
2025-04-03 13:10:13 - CHROME: RAM usage (RSS): 0.17% | 11.50 MB, Working Set: 0.17% | 11.50 MB, Private Usage: 3.99% | 273.00 MB (Limited to 50%)
2025-04-03 13:10:19 - CHROME: RAM usage (RSS): 0.00% | 0.00 MB, Working Set: 0.00% | 0.00 MB, Private Usage: 2.56% | 174.79 MB (Limited to 50%)
2025-04-03 13:10:24 - CHROME: RAM usage (RSS): 0.07% | 4.89 MB, Working Set: 0.07% | 4.89 MB, Private Usage: 3.96% | 271.16 MB (Limited to 50%)
2025-04-03 13:10:30 - CHROME: RAM usage (RSS): 0.00% | 0.00 MB, Working Set: 0.00% | 0.00 MB, Private Usage: 10.03% | 685.62 MB (Limited to 50%)
2025-04-03 13:10:36 - CHROME: RAM usage (RSS): 0.09% | 5.98 MB, Working Set: 0.09% | 5.98 MB, Private Usage: 1.92% | 131.36 MB (Limited to 50%)
2025-04-03 13:10:42 - CHROME: RAM usage (RSS): 0.00% | 0.00 MB, Working Set: 0.00% | 0.00 MB, Private Usage: 1.12% | 76.77 MB (Limited to 50%)
2025-04-03 13:10:48 - CHROME: RAM usage (RSS): 0.00% | 0.18 MB, Working Set: 0.00% | 0.18 MB, Private Usage: 1.95% | 133.19 MB (Limited to 50%)
2025-04-03 13:10:53 - CHROME: RAM usage (RSS): 0.00% | 0.00 MB, Working Set: 0.00% | 0.00 MB, Private Usage: 10.08% | 689.31 MB (Limited to 50%)
2025-04-03 13:10:59 - CHROME: RAM usage (RSS): 0.00% | 0.04 MB, Working Set: 0.00% | 0.04 MB, Private Usage: 9.95% | 680.72 MB (Limited to 50%)
2025-04-03 13:11:05 - CHROME: RAM usage (RSS): 0.00% | 0.00 MB, Working Set: 0.00% | 0.00 MB, Private Usage: 9.98% | 682.68 MB (Limited to 50%)
2025-04-03 13:11:11 - CHROME: RAM usage (RSS): 0.00% | 0.00 MB, Working Set: 0.00% | 0.00 MB, Private Usage: 9.94% | 679.84 MB (Limited to 50%)
2025-04-03 13:11:16 - CHROME: RAM usage (RSS): 0.00% | 0.00 MB, Working Set: 0.00% | 0.00 MB, Private Usage: 2.55% | 174.32 MB (Limited to 50%)
2025-04-03 13:11:22 - CHROME: RAM usage (RSS): 0.00% | 0.00 MB, Working Set: 0.00% | 0.00 MB, Private Usage: 2.07% | 141.38 MB (Limited to 50%)
2025-04-03 13:11:28 - CHROME: RAM usage (RSS): 0.00% | 0.00 MB, Working Set: 0.00% | 0.00 MB, Private Usage: 0.47% | 32.12 MB (Limited to 50%)
2025-04-03 13:11:34 - CHROME: RAM usage (RSS): 0.00% | 0.00 MB, Working Set: 0.00% | 0.00 MB, Private Usage: 0.37% | 25.58 MB (Limited to 50%)
2025-04-03 13:11:39 - CHROME: RAM usage (RSS): 0.00% | 0.00 MB, Working Set: 0.00% | 0.00 MB, Private Usage: 9.95% | 680.24 MB (Limited to 50%)
2025-04-03 13:11:45 - CHROME: RAM usage (RSS): 0.00% | 0.00 MB, Working Set: 0.00% | 0.00 MB, Private Usage: 1.81% | 123.85 MB (Limited to 50%)
2025-04-03 13:11:51 - CHROME: RAM usage (RSS): 0.28% | 19.35 MB, Working Set: 0.28% | 19.35 MB, Private Usage: 2.66% | 181.91 MB (Limited to 50%)
2025-04-03 13:11:57 - CHROME: RAM usage (RSS): 0.00% | 0.00 MB, Working Set: 0.00% | 0.00 MB, Private Usage: 10.06% | 687.77 MB (Limited to 50%)
2025-04-03 13:12:02 - CHROME: RAM usage (RSS): 0.00% | 0.00 MB, Working Set: 0.00% | 0.00 MB, Private Usage: 2.00% | 136.93 MB (Limited to 50%)
2025-04-03 13:12:08 - CHROME: RAM usage (RSS): 0.21% | 14.21 MB, Working Set: 0.21% | 14.21 MB, Private Usage: 11.01% | 752.66 MB (Limited to 50%)
2025-04-03 13:12:14 - CHROME: RAM usage (RSS): 0.00% | 0.00 MB, Working Set: 0.00% | 0.00 MB, Private Usage: 2.54% | 173.90 MB (Limited to 50%)
2025-04-03 13:12:20 - CHROME: RAM usage (RSS): 0.00% | 0.00 MB, Working Set: 0.00% | 0.00 MB, Private Usage: 11.01% | 752.73 MB (Limited to 50%)
2025-04-03 13:12:26 - CHROME: RAM usage (RSS): 0.00% | 0.00 MB, Working Set: 0.00% | 0.00 MB, Private Usage: 10.12% | 692.01 MB (Limited to 50%)
2025-04-03 13:12:31 - CHROME: RAM usage (RSS): 0.03% | 1.89 MB, Working Set: 0.03% | 1.89 MB, Private Usage: 10.15% | 694.46 MB (Limited to 50%)
2025-04-03 13:12:37 - CHROME: RAM usage (RSS): 0.03% | 2.00 MB, Working Set: 0.03% | 2.00 MB, Private Usage: 10.10% | 690.50 MB (Limited to 50%)
2025-04-03 13:12:43 - CHROME: RAM usage (RSS): 0.00% | 0.00 MB, Working Set: 0.00% | 0.00 MB, Private Usage: 1.70% | 116.46 MB (Limited to 50%)
2025-04-03 13:12:48 - CHROME: RAM usage (RSS): 0.00% | 0.00 MB, Working Set: 0.00% | 0.00 MB, Private Usage: 1.01% | 69.08 MB (Limited to 50%)
2025-04-03 13:12:54 - CHROME: RAM usage (RSS): 0.00% | 0.00 MB, Working Set: 0.00% | 0.00 MB, Private Usage: 10.11% | 691.53 MB (Limited to 50%)
2025-04-03 13:13:00 - CHROME: RAM usage (RSS): 0.00% | 0.04 MB, Working Set: 0.00% | 0.04 MB, Private Usage: 10.98% | 750.87 MB (Limited to 50%)
2025-04-03 13:13:06 - CHROME: RAM usage (RSS): 0.01% | 0.66 MB, Working Set: 0.01% | 0.66 MB, Private Usage: 10.85% | 741.93 MB (Limited to 50%)
2025-04-03 13:13:12 - CHROME: RAM usage (RSS): 0.00% | 0.00 MB, Working Set: 0.00% | 0.00 MB, Private Usage: 1.03% | 70.26 MB (Limited to 50%)
2025-04-03 13:13:17 - CHROME: RAM usage (RSS): 0.00% | 0.00 MB, Working Set: 0.00% | 0.00 MB, Private Usage: 10.81% | 739.20 MB (Limited to 50%)
2025-04-03 13:13:23 - CHROME: RAM usage (RSS): 0.00% | 0.20 MB, Working Set: 0.00% | 0.20 MB, Private Usage: 2.68% | 183.12 MB (Limited to 50%)
2025-04-03 13:13:29 - CHROME: RAM usage (RSS): 0.01% | 1.01 MB, Working Set: 0.01% | 1.01 MB, Private Usage: 10.46% | 715.05 MB (Limited to 50%)
2025-04-03 13:13:35 - CHROME: RAM usage (RSS): 0.00% | 0.00 MB, Working Set: 0.00% | 0.00 MB, Private Usage: 1.39% | 94.90 MB (Limited to 50%)
2025-04-03 13:13:41 - CHROME: RAM usage (RSS): 0.05% | 3.30 MB, Working Set: 0.05% | 3.30 MB, Private Usage: 3.52% | 240.79 MB (Limited to 50%)
2025-04-03 13:13:47 - CHROME: RAM usage (RSS): 0.14% | 9.52 MB, Working Set: 0.14% | 9.52 MB, Private Usage: 3.81% | 260.33 MB (Limited to 50%)
2025-04-03 13:13:53 - CHROME: RAM usage (RSS): 0.03% | 2.09 MB, Working Set: 0.03% | 2.09 MB, Private Usage: 3.84% | 262.59 MB (Limited to 50%)
2025-04-03 13:13:59 - CHROME: RAM usage (RSS): 0.00% | 0.00 MB, Working Set: 0.00% | 0.00 MB, Private Usage: 10.16% | 694.94 MB (Limited to 50%)
2025-04-03 13:14:05 - CHROME: RAM usage (RSS): 0.00% | 0.00 MB, Working Set: 0.00% | 0.00 MB, Private Usage: 2.57% | 175.58 MB (Limited to 50%)
2025-04-03 13:14:11 - CHROME: RAM usage (RSS): 0.00% | 0.00 MB, Working Set: 0.00% | 0.00 MB, Private Usage: 1.75% | 119.47 MB (Limited to 50%)
2025-04-03 13:14:17 - CHROME: RAM usage (RSS): 0.00% | 0.00 MB, Working Set: 0.00% | 0.00 MB, Private Usage: 0.54% | 36.70 MB (Limited to 50%)
2025-04-03 13:14:23 - CHROME: RAM usage (RSS): 0.00% | 0.00 MB, Working Set: 0.00% | 0.00 MB, Private Usage: 2.01% | 137.16 MB (Limited to 50%)
2025-04-03 13:14:29 - CHROME: RAM usage (RSS): 0.00% | 0.00 MB, Working Set: 0.00% | 0.00 MB, Private Usage: 0.32% | 22.22 MB (Limited to 50%)
2025-04-03 13:14:35 - CHROME: RAM usage (RSS): 0.17% | 11.78 MB, Working Set: 0.17% | 11.78 MB, Private Usage: 2.09% | 142.70 MB (Limited to 50%)
2025-04-03 13:14:40 - CHROME: RAM usage (RSS): 0.00% | 0.00 MB, Working Set: 0.00% | 0.00 MB, Private Usage: 2.03% | 138.58 MB (Limited to 50%)
2025-04-03 13:14:46 - CHROME: RAM usage (RSS): 0.00% | 0.00 MB, Working Set: 0.00% | 0.00 MB, Private Usage: 2.58% | 176.48 MB (Limited to 50%)
2025-04-03 13:14:52 - CHROME: RAM usage (RSS): 0.00% | 0.00 MB, Working Set: 0.00% | 0.00 MB, Private Usage: 1.28% | 87.34 MB (Limited to 50%)
2025-04-03 13:14:58 - CHROME: RAM usage (RSS): 0.00% | 0.00 MB, Working Set: 0.00% | 0.00 MB, Private Usage: 10.07% | 688.80 MB (Limited to 50%)
2025-04-03 13:15:03 - CHROME: RAM usage (RSS): 0.00% | 0.00 MB, Working Set: 0.00% | 0.00 MB, Private Usage: 1.61% | 110.40 MB (Limited to 50%)
2025-04-03 13:15:09 - CHROME: RAM usage (RSS): 0.00% | 0.00 MB, Working Set: 0.00% | 0.00 MB, Private Usage: 1.62% | 110.88 MB (Limited to 50%)
2025-04-03 13:15:15 - CHROME: RAM usage (RSS): 0.32% | 21.80 MB, Working Set: 0.32% | 21.80 MB, Private Usage: 2.75% | 187.90 MB (Limited to 50%)
2025-04-03 13:15:21 - CHROME: RAM usage (RSS): 0.00% | 0.00 MB, Working Set: 0.00% | 0.00 MB, Private Usage: 2.03% | 138.55 MB (Limited to 50%)
2025-04-03 13:15:27 - CHROME: RAM usage (RSS): 0.00% | 0.00 MB, Working Set: 0.00% | 0.00 MB, Private Usage: 2.58% | 176.13 MB (Limited to 50%)
2025-04-03 13:15:33 - CHROME: RAM usage (RSS): 0.00% | 0.00 MB, Working Set: 0.00% | 0.00 MB, Private Usage: 0.39% | 26.52 MB (Limited to 50%)
2025-04-03 13:15:38 - CHROME: RAM usage (RSS): 0.00% | 0.00 MB, Working Set: 0.00% | 0.00 MB, Private Usage: 3.07% | 209.80 MB (Limited to 50%)
2025-04-03 13:15:44 - CHROME: RAM usage (RSS): 0.00% | 0.00 MB, Working Set: 0.00% | 0.00 MB, Private Usage: 1.63% | 111.57 MB (Limited to 50%)
2025-04-03 13:15:50 - CHROME: RAM usage (RSS): 0.00% | 0.00 MB, Working Set: 0.00% | 0.00 MB, Private Usage: 3.64% | 249.06 MB (Limited to 50%)
2025-04-03 13:15:56 - CHROME: RAM usage (RSS): 0.00% | 0.04 MB, Working Set: 0.00% | 0.04 MB, Private Usage: 9.64% | 658.96 MB (Limited to 50%)
2025-04-03 13:16:02 - CHROME: RAM usage (RSS): 0.00% | 0.00 MB, Working Set: 0.00% | 0.00 MB, Private Usage: 9.78% | 668.78 MB (Limited to 50%)
2025-04-03 13:16:08 - CHROME: RAM usage (RSS): 0.11% | 7.66 MB, Working Set: 0.11% | 7.66 MB, Private Usage: 2.66% | 181.77 MB (Limited to 50%)
2025-04-03 13:16:15 - CHROME: RAM usage (RSS): 0.34% | 23.30 MB, Working Set: 0.34% | 23.30 MB, Private Usage: 2.24% | 153.26 MB (Limited to 50%)
2025-04-03 13:16:21 - CHROME: RAM usage (RSS): 0.55% | 37.94 MB, Working Set: 0.55% | 37.94 MB, Private Usage: 4.85% | 331.83 MB (Limited to 50%)
2025-04-03 13:16:28 - CHROME: RAM usage (RSS): 0.30% | 20.33 MB, Working Set: 0.30% | 20.33 MB, Private Usage: 2.52% | 172.60 MB (Limited to 50%)
2025-04-03 13:16:34 - CHROME: RAM usage (RSS): 0.00% | 0.03 MB, Working Set: 0.00% | 0.03 MB, Private Usage: 4.11% | 281.00 MB (Limited to 50%)
2025-04-03 13:16:39 - CHROME: RAM usage (RSS): 0.06% | 4.21 MB, Working Set: 0.06% | 4.21 MB, Private Usage: 2.59% | 177.38 MB (Limited to 50%)
2025-04-03 13:16:45 - CHROME: RAM usage (RSS): 0.00% | 0.00 MB, Working Set: 0.00% | 0.00 MB, Private Usage: 1.10% | 74.91 MB (Limited to 50%)
2025-04-03 13:16:51 - CHROME: RAM usage (RSS): 0.00% | 0.00 MB, Working Set: 0.00% | 0.00 MB, Private Usage: 2.93% | 200.53 MB (Limited to 50%)
2025-04-03 13:16:57 - CHROME: RAM usage (RSS): 0.00% | 0.00 MB, Working Set: 0.00% | 0.00 MB, Private Usage: 3.11% | 212.59 MB (Limited to 50%)
2025-04-03 13:17:03 - CHROME: RAM usage (RSS): 0.00% | 0.00 MB, Working Set: 0.00% | 0.00 MB, Private Usage: 9.74% | 666.02 MB (Limited to 50%)
2025-04-03 13:17:10 - CHROME: RAM usage (RSS): 0.00% | 0.00 MB, Working Set: 0.00% | 0.00 MB, Private Usage: 1.70% | 116.12 MB (Limited to 50%)
2025-04-03 13:17:16 - CHROME: RAM usage (RSS): 0.00% | 0.00 MB, Working Set: 0.00% | 0.00 MB, Private Usage: 3.64% | 248.76 MB (Limited to 50%)
2025-04-03 13:17:22 - CHROME: RAM usage (RSS): 0.00% | 0.09 MB, Working Set: 0.00% | 0.09 MB, Private Usage: 2.59% | 177.05 MB (Limited to 50%)
2025-04-03 13:17:28 - CHROME: RAM usage (RSS): 0.27% | 18.22 MB, Working Set: 0.27% | 18.22 MB, Private Usage: 2.93% | 200.58 MB (Limited to 50%)
2025-04-03 13:17:34 - CHROME: RAM usage (RSS): 0.00% | 0.00 MB, Working Set: 0.00% | 0.00 MB, Private Usage: 1.94% | 132.39 MB (Limited to 50%)
